#
# A fatal error has been detected by the Java Runtime Environment:
#
#  EXCEPTION_ACCESS_VIOLATION (0xc0000005) at pc=0x00000254c0080fef, pid=4436, tid=8792
#
# JRE version: OpenJDK Runtime Environment Temurin-22.0.2+9 (22.0.2+9) (build 22.0.2+9)
# Java VM: OpenJDK 64-Bit Server VM Temurin-22.0.2+9 (22.0.2+9, mixed mode, emulated-client, tiered, compressed oops, compressed class ptrs, g1 gc, windows-amd64)
# Problematic frame:
# v  ~BufferBlob::MethodHandles adapters 0x00000254c0080fef
#
# No core dump will be written. Minidumps are not enabled by default on client versions of Windows
#
# If you would like to submit a bug report, please visit:
#   https://github.com/adoptium/adoptium-support/issues
#

---------------  S U M M A R Y ------------

Command Line: -XX:+ShowCodeDetailsInExceptionMessages -agentlib:jdwp=transport=dt_socket,suspend=y,address=localhost:55375 -Dcom.sun.management.jmxremote -Dcom.sun.management.jmxremote.port=55374 -Dcom.sun.management.jmxremote.authenticate=false -Dcom.sun.management.jmxremote.ssl=false -Djava.rmi.server.hostname=localhost -Dspring.jmx.enabled=true -Dmanagement.endpoints.jmx.exposure.include=* -Dspring.application.admin.enabled=true -XX:TieredStopAtLevel=1 -Dspring.boot.project.name=wf_spinnify -javaagent:C:\Users\satish.kumar\eclipse\jee-2024-06\eclipse\configuration\org.eclipse.osgi\448\0\.cp\lib\javaagent-shaded.jar -Dfile.encoding=UTF-8 -Dstdout.encoding=UTF-8 -Dstderr.encoding=UTF-8 com.wellness_spinnify.WfSpinnifyApplication --spring.output.ansi.enabled=always

Host: Intel(R) Core(TM) i5-10210U CPU @ 1.60GHz, 8 cores, 7G,  Windows 10 , 64 bit Build 19041 (10.0.19041.4842)
Time: Mon Sep  2 17:39:55 2024 India Standard Time elapsed time: 22619.255863 seconds (0d 6h 16m 59s)

---------------  T H R E A D  ---------------

Current thread (0x00000254d01df200):  JavaThread "restartedMain"        [_thread_in_Java, id=8792, stack(0x000000e380a00000,0x000000e380b00000) (1024K)]

Stack: [0x000000e380a00000,0x000000e380b00000],  sp=0x000000e380afc998,  free space=1010k
Native frames: (J=compiled Java code, j=interpreted, Vv=VM code, C=native code)
C  0x00000254c0080fef  (no source info available)

The last pc belongs to _linkToSpecial (printed below).

siginfo: EXCEPTION_ACCESS_VIOLATION (0xc0000005), reading address 0xfffffffffffffff7


Registers:
RAX=0x00000254c00590e6, RBX=0x000000008b406148, RCX=0xfffffffffffffff7, RDX=0x0000000000000002
RSP=0x000000e380afc998, RBP=0x000000e380afc9e8, RSI=0x00000254ce6b7678, RDI=0x00000254d52b9a90
R8 =0x0000000000000004, R9 =0x0000000000000004, R10=0x00007ffb09dd0cc0, R11=0x00000254c93d2c78
R12=0x0000000000000000, R13=0x000000e380afc998, R14=0x000000e380afca08, R15=0x00000254d01df200
RIP=0x00000254c0080fef, EFLAGS=0x0000000000010246


Register to memory mapping:

RAX=0x00000254c00590e6 is at code_begin+3174 in an Interpreter codelet
return entry points  [0x00000254c0058480, 0x00000254c005a388]  7944 bytes
RBX=0x000000008b406148 is an oop: com.wellness_spinnify.service.WfSpinnifyAmService 
{0x000000008b406148} - klass: 'com/wellness_spinnify/service/WfSpinnifyAmService'
 - ---- fields (total size 4 words):
 - 'amHelper' 'Lcom/wellness_spinnify/helper/WfAmHelper;' @12  null (0x00000000)
 - 'wfAmRepository' 'Lcom/wellness_spinnify/repository/WfAmRepository;' @16  null (0x00000000)
 - 'campaignRepository' 'Lcom/wellness_spinnify/repository/WfCampaignRepository;' @20  null (0x00000000)
 - 'amWinnersRepository' 'LWfAmWinnersRepository;' @24  null (0x00000000)
RCX=0xfffffffffffffff7 is an unknown value
RDX=0x0000000000000002 is an unknown value
RSP=0x000000e380afc998 is pointing into the stack for thread: 0x00000254d01df200
RBP=0x000000e380afc9e8 is pointing into the stack for thread: 0x00000254d01df200
RSI=0x00000254ce6b7678 points into unknown readable memory: 0x80000b0077219253 | 53 92 21 77 00 0b 00 80
RDI=0x00000254d52b9a90 points into unknown readable memory: 0x0000001800000070 | 70 00 00 00 18 00 00 00
R8 =0x0000000000000004 is an unknown value
R9 =0x0000000000000004 is an unknown value
R10=0x00007ffb09dd0cc0 jvm.dll
R11={method} {0x00000254c93d2c80} 'newInvokeSpecial' '(Ljava/lang/Object;)Ljava/lang/Object;' in 'java/lang/invoke/DirectMethodHandle$Holder'
R12=0x0 is null
R13=0x000000e380afc998 is pointing into the stack for thread: 0x00000254d01df200
R14=0x000000e380afca08 is pointing into the stack for thread: 0x00000254d01df200
R15=0x00000254d01df200 is a thread

Top of Stack: (sp=0x000000e380afc998)
0x000000e380afc998:   00000254c00590e6 fffffffffffffff7
0x000000e380afc9a8:   00000254c93d2c67 0000000000000004
0x000000e380afc9b8:   00000254c93d77e8 0000000000000000
0x000000e380afc9c8:   0000000086821b10 00000254c93d2c78
0x000000e380afc9d8:   fffffffffffffff6 000000e380afca10
0x000000e380afc9e8:   000000e380afee40 00000254c0361223
0x000000e380afc9f8:   000000008b4060a0 000000008b406148
0x000000e380afca08:   000000008b406100 000000e380afee40
0x000000e380afca18:   00000254c0367324 0000000000000000
0x000000e380afca28:   0000000000000000 000000e380afee40
0x000000e380afca38:   00000254c098a5ec 0000000000000000
0x000000e380afca48:   0000000000000000 0000000000000000
0x000000e380afca58:   0000000000000000 0000000000000000
0x000000e380afca68:   0000000000000000 0000000000000000
0x000000e380afca78:   0000000000000000 0000000000000000
0x000000e380afca88:   0000000000000000 0000000086820f40
0x000000e380afca98:   0000000088c00b98 000000008b405d28
0x000000e380afcaa8:   000000008b405d28 0000000088c00b98
0x000000e380afcab8:   0000000000000000 000000008b406130
0x000000e380afcac8:   000000008b405eb8 000000e380afee40
0x000000e380afcad8:   00000254c098acbc 0000000000000000
0x000000e380afcae8:   0000000000000000 000000e380afee40
0x000000e380afcaf8:   00000254c036675c 000000008b406100
0x000000e380afcb08:   0000000000000000 0000000000000000
0x000000e380afcb18:   0000000000000000 00000254d01df200
0x000000e380afcb28:   0000000000000000 000000008b405e60
0x000000e380afcb38:   0000000000000000 000000008b405d28
0x000000e380afcb48:   000000008b406130 000000008b405e60
0x000000e380afcb58:   0000000000000000 00000254d143d700
0x000000e380afcb68:   00000254c036092c 000000e380afee40
0x000000e380afcb78:   00000254c035e64a 0000000000000000
0x000000e380afcb88:   00000254c02b2801 000000e380afee40 

Instructions: (pc=0x00000254c0080fef)
0x00000254c0080eef:   00 00 00 00 00 00 00 00 00 00 00 00 00 00 00 00
0x00000254c0080eff:   00 f4 66 66 66 0f 1f 84 00 00 00 00 00 66 66 66
0x00000254c0080f0f:   90 66 66 66 0f 1f 84 00 00 00 00 00 66 66 66 90
0x00000254c0080f1f:   90 48 8b 53 08 0f b7 52 2e 48 8b 0c d4 8b 59 14
0x00000254c0080f2f:   8b 5b 28 8b 5b 24 48 8b 5b 10 48 85 db 0f 84 10
0x00000254c0080f3f:   00 00 00 41 80 bf e8 05 00 00 00 74 03 ff 63 38
0x00000254c0080f4f:   ff 63 50 e9 a9 16 00 00 66 0f 1f 84 00 00 00 00
0x00000254c0080f5f:   00 48 8b 53 08 0f b7 52 2e 48 8b 0c d4 58 5b 50
0x00000254c0080f6f:   44 8b 51 08 4c 8b 5b 10 4b 8b 9c da c8 01 00 00
0x00000254c0080f7f:   48 85 db 0f 84 10 00 00 00 41 80 bf e8 05 00 00
0x00000254c0080f8f:   00 74 03 ff 63 38 ff 63 50 e9 63 16 00 00 66 66
0x00000254c0080f9f:   90 58 5b 50 8b 5b 24 48 8b 5b 10 48 85 db 0f 84
0x00000254c0080faf:   10 00 00 00 41 80 bf e8 05 00 00 00 74 03 ff 63
0x00000254c0080fbf:   38 ff 63 50 e9 38 16 00 00 66 66 66 0f 1f 84 00
0x00000254c0080fcf:   00 00 00 00 66 66 66 90 66 0f 1f 84 00 00 00 00
0x00000254c0080fdf:   00 48 8b 53 08 0f b7 52 2e 48 8b 0c d4 58 5b 50
0x00000254c0080fef:   48 3b 01 8b 5b 24 48 8b 5b 10 48 85 db 0f 84 10
0x00000254c0080fff:   00 00 00 41 80 bf e8 05 00 00 00 74 03 ff 63 38
0x00000254c008100f:   ff 63 50 e9 e9 15 00 00 66 0f 1f 84 00 00 00 00
0x00000254c008101f:   00 48 8b 53 08 0f b7 52 2e 48 8b 0c d4 58 5b 50
0x00000254c008102f:   44 8b 51 08 8b 43 18 48 8b 40 10 48 8b 5b 10 45
0x00000254c008103f:   8b 9a a0 00 00 00 4f 8d 9c da c8 01 00 00 4d 8d
0x00000254c008104f:   14 da 49 8b 1b 48 3b c3 74 15 48 85 db 0f 84 32
0x00000254c008105f:   00 00 00 49 83 c3 10 49 8b 1b 48 3b c3 75 eb 45
0x00000254c008106f:   8b 5b 08 4b 8b 1c 1a 48 85 db 0f 84 10 00 00 00
0x00000254c008107f:   41 80 bf e8 05 00 00 00 74 03 ff 63 38 ff 63 50
0x00000254c008108f:   e9 6c 15 00 00 e9 67 12 00 00 f4 00 00 00 00 00
0x00000254c008109f:   00 00 00 00 00 00 00 00 00 00 00 00 00 00 00 00
0x00000254c00810af:   00 00 00 00 00 00 00 00 00 00 00 00 00 00 00 00
0x00000254c00810bf:   00 00 00 00 00 00 00 00 00 00 00 00 00 00 00 00
0x00000254c00810cf:   00 00 00 00 00 00 00 00 00 00 00 00 00 00 00 00
0x00000254c00810df:   00 00 00 00 00 00 00 00 00 00 00 00 00 00 00 00 


Stack slot to memory mapping:

stack at sp + 0 slots: 0x00000254c00590e6 is at code_begin+3174 in an Interpreter codelet
return entry points  [0x00000254c0058480, 0x00000254c005a388]  7944 bytes
stack at sp + 1 slots: 0xfffffffffffffff7 is an unknown value
stack at sp + 2 slots: 0x00000254c93d2c67 is pointing into metadata
stack at sp + 3 slots: 0x0000000000000004 is an unknown value
stack at sp + 4 slots: 0x00000254c93d77e8 is pointing into metadata
stack at sp + 5 slots: 0x0 is null
stack at sp + 6 slots: 0x0000000086821b10 is an oop: java.lang.Class 
{0x0000000086821b10} - klass: 'java/lang/Class'
 - ---- fields (total size 14 words):
 - private volatile transient 'classRedefinedCount' 'I' @12  0 (0x00000000)
 - injected 'klass' 'J' @16  67318816 (0x0000000004033420)
 - injected 'array_klass' 'J' @24  0 (0x0000000000000000)
 - injected 'oop_size' 'I' @32  14 (0x0000000e)
 - injected 'static_oop_field_count' 'I' @36  0 (0x00000000)
 - private volatile transient 'cachedConstructor' 'Ljava/lang/reflect/Constructor;' @40  null (0x00000000)
 - private transient 'name' 'Ljava/lang/String;' @44  null (0x00000000)
 - private transient 'module' 'Ljava/lang/Module;' @48  a 'java/lang/Module'{0x000000008684c978} (0x8684c978)
 - private final 'classLoader' 'Ljava/lang/ClassLoader;' @52  null (0x00000000)
 - private transient 'classData' 'Ljava/lang/Object;' @56  null (0x00000000)
 - private transient 'packageName' 'Ljava/lang/String;' @60  null (0x00000000)
 - private final 'componentType' 'Ljava/lang/Class;' @64  null (0x00000000)
 - private volatile transient 'reflectionData' 'Ljava/lang/ref/SoftReference;' @68  null (0x00000000)
 - private volatile transient 'genericInfo' 'Lsun/reflect/generics/repository/ClassRepository;' @72  null (0x00000000)
 - private volatile transient 'enumConstants' '[Ljava/lang/Object;' @76  null (0x00000000)
 - private volatile transient 'enumConstantDirectory' 'Ljava/util/Map;' @80  null (0x00000000)
 - private volatile transient 'annotationData' 'Ljava/lang/Class$AnnotationData;' @84  null (0x00000000)
 - private volatile transient 'annotationType' 'Lsun/reflect/annotation/AnnotationType;' @88  null (0x00000000)
 - transient 'classValueMap' 'Ljava/lang/ClassValue$ClassValueMap;' @92  null (0x00000000)
 - injected 'protection_domain' 'Ljava/lang/Object;' @96  null (0x00000000)
 - injected 'signers_name' 'Ljava/lang/Object;' @100  null (0x00000000)
 - injected 'source_file' 'Ljava/lang/Object;' @104  null (0x00000000)
 - signature: Ljava/lang/invoke/DirectMethodHandle$Holder;
 - ---- static fields (0):
stack at sp + 7 slots: {method} {0x00000254c93d2c80} 'newInvokeSpecial' '(Ljava/lang/Object;)Ljava/lang/Object;' in 'java/lang/invoke/DirectMethodHandle$Holder'

MethodHandle::interpreter_entry::_linkToSpecial [0x00000254c0080fc8, 0x00000254c0081017] (79 bytes)
[MachCode]
  0x00000254c0080fc8: 6666 660f | 1f84 0000 | 0000 0066 | 6666 9066 | 0f1f 8400 | 0000 0000 | 488b 5308 | 0fb7 522e 
  0x00000254c0080fe8: 488b 0cd4 | 585b 5048 | 3b01 8b5b | 2448 8b5b | 1048 85db | 0f84 1000 | 0000 4180 | bfe8 0500 
  0x00000254c0081008: 0000 7403 | ff63 38ff | 6350 e9e9 | 
[/MachCode]

---------------  P R O C E S S  ---------------

Threads class SMR info:
_java_thread_list=0x00000254d520a660, length=34, elements={
0x00000254c82e16b0, 0x00000254c82e1ed0, 0x00000254c8301da0, 0x00000254c8317ae0,
0x00000254c83186f0, 0x00000254c82ef730, 0x00000254c82f0340, 0x00000254c81fad90,
0x00000254c8582dd0, 0x00000254c8585870, 0x00000254c8585f00, 0x00000254cd4542b0,
0x00000254cd602e40, 0x00000254cd625d70, 0x00000254cd688e80, 0x00000254cd9ae730,
0x00000254cd9d0c60, 0x00000254cd9beee0, 0x00000254d01dc410, 0x00000254d01e2680,
0x00000254cd8e5230, 0x00000254cd8e65e0, 0x00000254cd8e7990, 0x00000254cd8e5f50,
0x00000254cd8e9a60, 0x00000254cd8e6c70, 0x00000254d01dcaa0, 0x00000254d01df890,
0x00000254d01db6f0, 0x00000254d01df200, 0x00000254d01e12d0, 0x00000254d01e05b0,
0x00000254d01e1ff0, 0x00000254d01dbd80
}

Java Threads: ( => current thread )
  0x00000254c82e16b0 JavaThread "Reference Handler"          daemon [_thread_blocked, id=5632, stack(0x000000e3fdf00000,0x000000e3fe000000) (1024K)]
  0x00000254c82e1ed0 JavaThread "Finalizer"                  daemon [_thread_blocked, id=11476, stack(0x000000e3fe000000,0x000000e3fe100000) (1024K)]
  0x00000254c8301da0 JavaThread "Signal Dispatcher"          daemon [_thread_blocked, id=8200, stack(0x000000e3fe100000,0x000000e3fe200000) (1024K)]
  0x00000254c8317ae0 JavaThread "Attach Listener"            daemon [_thread_blocked, id=2252, stack(0x000000e3fe200000,0x000000e3fe300000) (1024K)]
  0x00000254c83186f0 JavaThread "Service Thread"             daemon [_thread_blocked, id=2764, stack(0x000000e3fe300000,0x000000e3fe400000) (1024K)]
  0x00000254c82ef730 JavaThread "Monitor Deflation Thread"   daemon [_thread_blocked, id=2832, stack(0x000000e3fe400000,0x000000e3fe500000) (1024K)]
  0x00000254c82f0340 JavaThread "C1 CompilerThread0"         daemon [_thread_blocked, id=10740, stack(0x000000e3fe500000,0x000000e3fe600000) (1024K)]
  0x00000254c81fad90 JavaThread "Common-Cleaner"             daemon [_thread_blocked, id=6392, stack(0x000000e3fe600000,0x000000e3fe700000) (1024K)]
  0x00000254c8582dd0 JavaThread "JDWP Transport Listener: dt_socket" daemon [_thread_blocked, id=14096, stack(0x000000e3fe800000,0x000000e3fe900000) (1024K)]
  0x00000254c8585870 JavaThread "JDWP Event Helper Thread"   daemon [_thread_blocked, id=16488, stack(0x000000e3fe900000,0x000000e3fea00000) (1024K)]
  0x00000254c8585f00 JavaThread "JDWP Command Reader"        daemon [_thread_blocked, id=3700, stack(0x000000e3fea00000,0x000000e3feb00000) (1024K)]
  0x00000254cd4542b0 JavaThread "Notification Thread"        daemon [_thread_blocked, id=13332, stack(0x000000e3feb00000,0x000000e3fec00000) (1024K)]
  0x00000254cd602e40 JavaThread "RMI TCP Accept-0"           daemon [_thread_in_native, id=10440, stack(0x000000e3fee00000,0x000000e3fef00000) (1024K)]
  0x00000254cd625d70 JavaThread "RMI TCP Accept-55374"       daemon [_thread_in_native, id=16568, stack(0x000000e3fef00000,0x000000e3ff000000) (1024K)]
  0x00000254cd688e80 JavaThread "RMI TCP Accept-0"           daemon [_thread_in_native, id=2276, stack(0x000000e3ff700000,0x000000e3ff800000) (1024K)]
  0x00000254cd9ae730 JavaThread "RMI Scheduler(0)"           daemon [_thread_blocked, id=12796, stack(0x000000e3ff900000,0x000000e3ffa00000) (1024K)]
  0x00000254cd9d0c60 JavaThread "RMI TCP Connection(321)-127.0.0.1" daemon [_thread_in_native, id=13104, stack(0x000000e3ffa00000,0x000000e3ffb00000) (1024K)]
  0x00000254cd9beee0 JavaThread "JMX server connection timeout 38" daemon [_thread_blocked, id=12284, stack(0x000000e3ffb00000,0x000000e3ffc00000) (1024K)]
  0x00000254d01dc410 JavaThread "Live Reload Server"         daemon [_thread_in_native, id=16952, stack(0x000000e380900000,0x000000e380a00000) (1024K)]
  0x00000254d01e2680 JavaThread "DestroyJavaVM"                     [_thread_blocked, id=15808, stack(0x000000e3fd700000,0x000000e3fd800000) (1024K)]
  0x00000254cd8e5230 JavaThread "File Watcher"               daemon [_thread_blocked, id=16208, stack(0x000000e380200000,0x000000e380300000) (1024K)]
  0x00000254cd8e65e0 JavaThread "File Watcher"               daemon [_thread_blocked, id=14672, stack(0x000000e380300000,0x000000e380400000) (1024K)]
  0x00000254cd8e7990 JavaThread "File Watcher"               daemon [_thread_blocked, id=11408, stack(0x000000e380400000,0x000000e380500000) (1024K)]
  0x00000254cd8e5f50 JavaThread "File Watcher"               daemon [_thread_blocked, id=16268, stack(0x000000e380500000,0x000000e380600000) (1024K)]
  0x00000254cd8e9a60 JavaThread "File Watcher"               daemon [_thread_blocked, id=16332, stack(0x000000e380600000,0x000000e380700000) (1024K)]
  0x00000254cd8e6c70 JavaThread "File Watcher"               daemon [_thread_blocked, id=9040, stack(0x000000e380700000,0x000000e380800000) (1024K)]
  0x00000254d01dcaa0 JavaThread "File Watcher"               daemon [_thread_blocked, id=11784, stack(0x000000e380800000,0x000000e380900000) (1024K)]
  0x00000254d01df890 JavaThread "PostgreSQL-JDBC-Cleaner"    daemon [_thread_blocked, id=16524, stack(0x000000e380e00000,0x000000e380f00000) (1024K)]
  0x00000254d01db6f0 JavaThread "Thread-592"                        [_thread_blocked, id=11536, stack(0x000000e380000000,0x000000e380100000) (1024K)]
=>0x00000254d01df200 JavaThread "restartedMain"                     [_thread_in_Java, id=8792, stack(0x000000e380a00000,0x000000e380b00000) (1024K)]
  0x00000254d01e12d0 JavaThread "Catalina-utility-1"                [_thread_blocked, id=8224, stack(0x000000e380b00000,0x000000e380c00000) (1024K)]
  0x00000254d01e05b0 JavaThread "Catalina-utility-2"                [_thread_blocked, id=7620, stack(0x000000e380c00000,0x000000e380d00000) (1024K)]
  0x00000254d01e1ff0 JavaThread "container-7"                       [_thread_blocked, id=11656, stack(0x000000e380d00000,0x000000e380e00000) (1024K)]
  0x00000254d01dbd80 JavaThread "HikariPool-151 housekeeper" daemon [_thread_blocked, id=17500, stack(0x000000e380f00000,0x000000e381000000) (1024K)]
Total: 34

Other Threads:
  0x00000254c8247a60 VMThread "VM Thread"                           [id=14780, stack(0x000000e3fde00000,0x000000e3fdf00000) (1024K)] _threads_hazard_ptr=0x00000254d520a660
  0x00000254c81f8200 WatcherThread "VM Periodic Task Thread"        [id=14520, stack(0x000000e3fdd00000,0x000000e3fde00000) (1024K)]
  0x00000254bc5c2010 WorkerThread "GC Thread#0"                     [id=17320, stack(0x000000e3fd800000,0x000000e3fd900000) (1024K)]
  0x00000254cd6850f0 WorkerThread "GC Thread#1"                     [id=14304, stack(0x000000e3ff000000,0x000000e3ff100000) (1024K)]
  0x00000254cd660300 WorkerThread "GC Thread#2"                     [id=14900, stack(0x000000e3ff100000,0x000000e3ff200000) (1024K)]
  0x00000254cd660ac0 WorkerThread "GC Thread#3"                     [id=3284, stack(0x000000e3ff200000,0x000000e3ff300000) (1024K)]
  0x00000254cd660e70 WorkerThread "GC Thread#4"                     [id=15284, stack(0x000000e3ff300000,0x000000e3ff400000) (1024K)]
  0x00000254cd669230 WorkerThread "GC Thread#5"                     [id=16100, stack(0x000000e3ff400000,0x000000e3ff500000) (1024K)]
  0x00000254cd6695e0 WorkerThread "GC Thread#6"                     [id=9740, stack(0x000000e3ff500000,0x000000e3ff600000) (1024K)]
  0x00000254cd669990 WorkerThread "GC Thread#7"                     [id=9104, stack(0x000000e3ff600000,0x000000e3ff700000) (1024K)]
  0x00000254ba1be410 ConcurrentGCThread "G1 Main Marker"            [id=11328, stack(0x000000e3fd900000,0x000000e3fda00000) (1024K)]
  0x00000254bc5d0060 WorkerThread "G1 Conc#0"                       [id=14996, stack(0x000000e3fda00000,0x000000e3fdb00000) (1024K)]
  0x00000254cdf1c580 WorkerThread "G1 Conc#1"                       [id=7060, stack(0x000000e3ffe00000,0x000000e3fff00000) (1024K)]
  0x00000254c80ce150 ConcurrentGCThread "G1 Refine#0"               [id=7276, stack(0x000000e3fdb00000,0x000000e3fdc00000) (1024K)]
  0x00000254c80cebe0 ConcurrentGCThread "G1 Service"                [id=11636, stack(0x000000e3fdc00000,0x000000e3fdd00000) (1024K)]
Total: 15

Threads with active compile tasks:
Total: 0

VM state: synchronizing (normal execution)

VM Mutex/Monitor currently owned by a thread:  ([mutex/lock_event])
[0x00007ffb09dc0f80] Threads_lock - owner thread: 0x00000254c8247a60

Heap address: 0x0000000086400000, size: 1948 MB, Compressed Oops mode: 32-bit

CDS archive(s) not mapped
Compressed class space mapped at: 0x0000000004000000-0x0000000044000000, reserved size: 1073741824
Narrow klass base: 0x0000000000000000, Narrow klass shift: 0, Narrow klass range: 0x44000000

GC Precious Log:
 CardTable entry size: 512
 Card Set container configuration: InlinePtr #cards 5 size 8 Array Of Cards #cards 12 size 40 Howl #buckets 4 coarsen threshold 1843 Howl Bitmap #cards 512 size 80 coarsen threshold 460 Card regions per heap region 1 cards per card region 2048
 CPUs: 8 total, 8 available
 Memory: 7785M
 Large Page Support: Disabled
 NUMA Support: Disabled
 Compressed Oops: Enabled (32-bit)
 Heap Region Size: 1M
 Heap Min Capacity: 8M
 Heap Initial Capacity: 122M
 Heap Max Capacity: 1948M
 Pre-touch: Disabled
 Parallel Workers: 8
 Concurrent Workers: 2
 Concurrent Refinement Workers: 8
 Periodic GC: Disabled

Heap:
 garbage-first heap   total reserved 1994752K, committed 92160K, used 51374K [0x0000000086400000, 0x0000000100000000)
  region size 1024K, 24 young (24576K), 4 survivors (4096K)
 Metaspace       used 87856K, committed 89152K, reserved 1179648K
  class space    used 11877K, committed 12416K, reserved 1048576K

Heap Regions: E=young(eden), S=young(survivor), O=old, HS=humongous(starts), HC=humongous(continues), CS=collection set, F=free, TAMS=top-at-mark-start, PB=parsable bottom
|   0|0x0000000086400000, 0x0000000086500000, 0x0000000086500000|100%|HS|  |TAMS 0x0000000086400000| PB 0x0000000086400000| Complete |  0
|   1|0x0000000086500000, 0x0000000086600000, 0x0000000086600000|100%| O|  |TAMS 0x0000000086500000| PB 0x0000000086500000| Untracked |  0
|   2|0x0000000086600000, 0x00000000866fffe0, 0x0000000086700000| 99%| O|  |TAMS 0x0000000086600000| PB 0x0000000086600000| Untracked |  0
|   3|0x0000000086700000, 0x00000000867ffff8, 0x0000000086800000| 99%| O|  |TAMS 0x0000000086700000| PB 0x0000000086700000| Untracked |  0
|   4|0x0000000086800000, 0x00000000868ffff8, 0x0000000086900000| 99%| O|  |TAMS 0x0000000086800000| PB 0x0000000086800000| Untracked |  0
|   5|0x0000000086900000, 0x00000000869fd730, 0x0000000086a00000| 99%| O|  |TAMS 0x0000000086900000| PB 0x0000000086900000| Untracked |  0
|   6|0x0000000086a00000, 0x0000000086affff0, 0x0000000086b00000| 99%| O|  |TAMS 0x0000000086a00000| PB 0x0000000086a00000| Untracked |  0
|   7|0x0000000086b00000, 0x0000000086bfffe8, 0x0000000086c00000| 99%| O|  |TAMS 0x0000000086b00000| PB 0x0000000086b00000| Untracked |  0
|   8|0x0000000086c00000, 0x0000000086cfffe0, 0x0000000086d00000| 99%| O|  |TAMS 0x0000000086c00000| PB 0x0000000086c00000| Untracked |  0
|   9|0x0000000086d00000, 0x0000000086dffff8, 0x0000000086e00000| 99%| O|  |TAMS 0x0000000086d00000| PB 0x0000000086d00000| Untracked |  0
|  10|0x0000000086e00000, 0x0000000086efffe8, 0x0000000086f00000| 99%| O|  |TAMS 0x0000000086e00000| PB 0x0000000086e00000| Untracked |  0
|  11|0x0000000086f00000, 0x0000000086fffff8, 0x0000000087000000| 99%| O|  |TAMS 0x0000000086f00000| PB 0x0000000086f00000| Untracked |  0
|  12|0x0000000087000000, 0x0000000087100000, 0x0000000087100000|100%| O|  |TAMS 0x0000000087000000| PB 0x0000000087000000| Untracked |  0
|  13|0x0000000087100000, 0x00000000871ffff0, 0x0000000087200000| 99%| O|  |TAMS 0x0000000087100000| PB 0x0000000087100000| Untracked |  0
|  14|0x0000000087200000, 0x0000000087300000, 0x0000000087300000|100%| O|  |TAMS 0x0000000087200000| PB 0x0000000087200000| Untracked |  0
|  15|0x0000000087300000, 0x0000000087400000, 0x0000000087400000|100%| O|  |TAMS 0x0000000087300000| PB 0x0000000087300000| Untracked |  0
|  16|0x0000000087400000, 0x00000000874ffff8, 0x0000000087500000| 99%| O|  |TAMS 0x0000000087400000| PB 0x0000000087400000| Untracked |  0
|  17|0x0000000087500000, 0x00000000875ffff0, 0x0000000087600000| 99%| O|  |TAMS 0x0000000087500000| PB 0x0000000087500000| Untracked |  0
|  18|0x0000000087600000, 0x00000000876fffe8, 0x0000000087700000| 99%| O|  |TAMS 0x0000000087600000| PB 0x0000000087600000| Untracked |  0
|  19|0x0000000087700000, 0x0000000087800000, 0x0000000087800000|100%| O|  |TAMS 0x0000000087700000| PB 0x0000000087700000| Untracked |  0
|  20|0x0000000087800000, 0x0000000087900000, 0x0000000087900000|100%| O|  |TAMS 0x0000000087800000| PB 0x0000000087800000| Untracked |  0
|  21|0x0000000087900000, 0x00000000879ffff0, 0x0000000087a00000| 99%| O|  |TAMS 0x0000000087900000| PB 0x0000000087900000| Untracked |  0
|  22|0x0000000087a00000, 0x0000000087aff9d8, 0x0000000087b00000| 99%| O|  |TAMS 0x0000000087a00000| PB 0x0000000087a00000| Untracked |  0
|  23|0x0000000087b00000, 0x0000000087b81978, 0x0000000087c00000| 50%| O|  |TAMS 0x0000000087b00000| PB 0x0000000087b00000| Untracked |  0
|  24|0x0000000087c00000, 0x0000000087ca7b38, 0x0000000087d00000| 65%| O|  |TAMS 0x0000000087c00000| PB 0x0000000087c00000| Untracked |  0
|  25|0x0000000087d00000, 0x0000000087d3d848, 0x0000000087e00000| 24%| O|  |TAMS 0x0000000087d00000| PB 0x0000000087d00000| Untracked |  0
|  26|0x0000000087e00000, 0x0000000087f00000, 0x0000000087f00000|100%| O|  |TAMS 0x0000000087e00000| PB 0x0000000087e00000| Untracked |  0
|  27|0x0000000087f00000, 0x0000000087fe3318, 0x0000000088000000| 88%| O|  |TAMS 0x0000000087f00000| PB 0x0000000087f00000| Untracked |  0
|  28|0x0000000088000000, 0x00000000880ffff8, 0x0000000088100000| 99%| O|  |TAMS 0x0000000088000000| PB 0x0000000088000000| Untracked |  0
|  29|0x0000000088100000, 0x0000000088100000, 0x0000000088200000|  0%| F|  |TAMS 0x0000000088100000| PB 0x0000000088100000| Untracked |  0
|  30|0x0000000088200000, 0x0000000088200000, 0x0000000088300000|  0%| F|  |TAMS 0x0000000088200000| PB 0x0000000088200000| Untracked |  0
|  31|0x0000000088300000, 0x0000000088300000, 0x0000000088400000|  0%| F|  |TAMS 0x0000000088300000| PB 0x0000000088300000| Untracked |  0
|  32|0x0000000088400000, 0x0000000088400000, 0x0000000088500000|  0%| F|  |TAMS 0x0000000088400000| PB 0x0000000088400000| Untracked |  0
|  33|0x0000000088500000, 0x000000008850ffa8, 0x0000000088600000|  6%| O|Cm|TAMS 0x0000000088500000| PB 0x0000000088500000| Complete |  0
|  34|0x0000000088600000, 0x0000000088600000, 0x0000000088700000|  0%| F|  |TAMS 0x0000000088600000| PB 0x0000000088600000| Untracked |  0
|  35|0x0000000088700000, 0x0000000088700000, 0x0000000088800000|  0%| F|  |TAMS 0x0000000088700000| PB 0x0000000088700000| Untracked |  0
|  36|0x0000000088800000, 0x0000000088800000, 0x0000000088900000|  0%| F|  |TAMS 0x0000000088800000| PB 0x0000000088800000| Untracked |  0
|  37|0x0000000088900000, 0x00000000889d4a80, 0x0000000088a00000| 83%| S|CS|TAMS 0x0000000088900000| PB 0x0000000088900000| Complete |  0
|  38|0x0000000088a00000, 0x0000000088b00000, 0x0000000088b00000|100%| S|CS|TAMS 0x0000000088a00000| PB 0x0000000088a00000| Complete |  0
|  39|0x0000000088b00000, 0x0000000088c00000, 0x0000000088c00000|100%| S|CS|TAMS 0x0000000088b00000| PB 0x0000000088b00000| Complete |  0
|  40|0x0000000088c00000, 0x0000000088d00000, 0x0000000088d00000|100%| S|CS|TAMS 0x0000000088c00000| PB 0x0000000088c00000| Complete |  0
|  41|0x0000000088d00000, 0x0000000088d00000, 0x0000000088e00000|  0%| F|  |TAMS 0x0000000088d00000| PB 0x0000000088d00000| Untracked |  0
|  42|0x0000000088e00000, 0x0000000088e00000, 0x0000000088f00000|  0%| F|  |TAMS 0x0000000088e00000| PB 0x0000000088e00000| Untracked |  0
|  43|0x0000000088f00000, 0x0000000088f00000, 0x0000000089000000|  0%| F|  |TAMS 0x0000000088f00000| PB 0x0000000088f00000| Untracked |  0
|  44|0x0000000089000000, 0x0000000089000000, 0x0000000089100000|  0%| F|  |TAMS 0x0000000089000000| PB 0x0000000089000000| Untracked |  0
|  45|0x0000000089100000, 0x0000000089100000, 0x0000000089200000|  0%| F|  |TAMS 0x0000000089100000| PB 0x0000000089100000| Untracked |  0
|  46|0x0000000089200000, 0x0000000089200000, 0x0000000089300000|  0%| F|  |TAMS 0x0000000089200000| PB 0x0000000089200000| Untracked |  0
|  47|0x0000000089300000, 0x0000000089300000, 0x0000000089400000|  0%| F|  |TAMS 0x0000000089300000| PB 0x0000000089300000| Untracked |  0
|  48|0x0000000089400000, 0x0000000089400000, 0x0000000089500000|  0%| F|  |TAMS 0x0000000089400000| PB 0x0000000089400000| Untracked |  0
|  49|0x0000000089500000, 0x0000000089500000, 0x0000000089600000|  0%| F|  |TAMS 0x0000000089500000| PB 0x0000000089500000| Untracked |  0
|  50|0x0000000089600000, 0x0000000089600000, 0x0000000089700000|  0%| F|  |TAMS 0x0000000089600000| PB 0x0000000089600000| Untracked |  0
|  51|0x0000000089700000, 0x0000000089700000, 0x0000000089800000|  0%| F|  |TAMS 0x0000000089700000| PB 0x0000000089700000| Untracked |  0
|  52|0x0000000089800000, 0x0000000089800000, 0x0000000089900000|  0%| F|  |TAMS 0x0000000089800000| PB 0x0000000089800000| Untracked |  0
|  53|0x0000000089900000, 0x0000000089900000, 0x0000000089a00000|  0%| F|  |TAMS 0x0000000089900000| PB 0x0000000089900000| Untracked |  0
|  54|0x0000000089a00000, 0x0000000089a00000, 0x0000000089b00000|  0%| F|  |TAMS 0x0000000089a00000| PB 0x0000000089a00000| Untracked |  0
|  55|0x0000000089b00000, 0x0000000089b00000, 0x0000000089c00000|  0%| F|  |TAMS 0x0000000089b00000| PB 0x0000000089b00000| Untracked |  0
|  56|0x0000000089c00000, 0x0000000089c00000, 0x0000000089d00000|  0%| F|  |TAMS 0x0000000089c00000| PB 0x0000000089c00000| Untracked |  0
|  57|0x0000000089d00000, 0x0000000089d00000, 0x0000000089e00000|  0%| F|  |TAMS 0x0000000089d00000| PB 0x0000000089d00000| Untracked |  0
|  58|0x0000000089e00000, 0x0000000089e00000, 0x0000000089f00000|  0%| F|  |TAMS 0x0000000089e00000| PB 0x0000000089e00000| Untracked |  0
|  59|0x0000000089f00000, 0x0000000089f00000, 0x000000008a000000|  0%| F|  |TAMS 0x0000000089f00000| PB 0x0000000089f00000| Untracked |  0
|  60|0x000000008a000000, 0x000000008a000000, 0x000000008a100000|  0%| F|  |TAMS 0x000000008a000000| PB 0x000000008a000000| Untracked |  0
|  61|0x000000008a100000, 0x000000008a100000, 0x000000008a200000|  0%| F|  |TAMS 0x000000008a100000| PB 0x000000008a100000| Untracked |  0
|  62|0x000000008a200000, 0x000000008a200000, 0x000000008a300000|  0%| F|  |TAMS 0x000000008a200000| PB 0x000000008a200000| Untracked |  0
|  63|0x000000008a300000, 0x000000008a300000, 0x000000008a400000|  0%| F|  |TAMS 0x000000008a300000| PB 0x000000008a300000| Untracked |  0
|  64|0x000000008a400000, 0x000000008a400000, 0x000000008a500000|  0%| F|  |TAMS 0x000000008a400000| PB 0x000000008a400000| Untracked |  0
|  65|0x000000008a500000, 0x000000008a500000, 0x000000008a600000|  0%| F|  |TAMS 0x000000008a500000| PB 0x000000008a500000| Untracked |  0
|  66|0x000000008a600000, 0x000000008a600000, 0x000000008a700000|  0%| F|  |TAMS 0x000000008a600000| PB 0x000000008a600000| Untracked |  0
|  67|0x000000008a700000, 0x000000008a700000, 0x000000008a800000|  0%| F|  |TAMS 0x000000008a700000| PB 0x000000008a700000| Untracked |  0
|  68|0x000000008a800000, 0x000000008a800000, 0x000000008a900000|  0%| F|  |TAMS 0x000000008a800000| PB 0x000000008a800000| Untracked |  0
|  69|0x000000008a900000, 0x000000008a900000, 0x000000008aa00000|  0%| F|  |TAMS 0x000000008a900000| PB 0x000000008a900000| Untracked |  0
|  70|0x000000008aa00000, 0x000000008aaa0ca8, 0x000000008ab00000| 62%| E|  |TAMS 0x000000008aa00000| PB 0x000000008aa00000| Complete |  0
|  71|0x000000008ab00000, 0x000000008ac00000, 0x000000008ac00000|100%| E|CS|TAMS 0x000000008ab00000| PB 0x000000008ab00000| Complete |  0
|  72|0x000000008ac00000, 0x000000008ad00000, 0x000000008ad00000|100%| E|CS|TAMS 0x000000008ac00000| PB 0x000000008ac00000| Complete |  0
|  73|0x000000008ad00000, 0x000000008ae00000, 0x000000008ae00000|100%| E|CS|TAMS 0x000000008ad00000| PB 0x000000008ad00000| Complete |  0
|  74|0x000000008ae00000, 0x000000008af00000, 0x000000008af00000|100%| E|CS|TAMS 0x000000008ae00000| PB 0x000000008ae00000| Complete |  0
|  75|0x000000008af00000, 0x000000008b000000, 0x000000008b000000|100%| E|CS|TAMS 0x000000008af00000| PB 0x000000008af00000| Complete |  0
|  76|0x000000008b000000, 0x000000008b100000, 0x000000008b100000|100%| E|CS|TAMS 0x000000008b000000| PB 0x000000008b000000| Complete |  0
|  77|0x000000008b100000, 0x000000008b200000, 0x000000008b200000|100%| E|CS|TAMS 0x000000008b100000| PB 0x000000008b100000| Complete |  0
|  78|0x000000008b200000, 0x000000008b300000, 0x000000008b300000|100%| E|CS|TAMS 0x000000008b200000| PB 0x000000008b200000| Complete |  0
|  79|0x000000008b300000, 0x000000008b400000, 0x000000008b400000|100%| E|CS|TAMS 0x000000008b300000| PB 0x000000008b300000| Complete |  0
|  80|0x000000008b400000, 0x000000008b500000, 0x000000008b500000|100%| E|CS|TAMS 0x000000008b400000| PB 0x000000008b400000| Complete |  0
|  81|0x000000008b500000, 0x000000008b600000, 0x000000008b600000|100%| E|CS|TAMS 0x000000008b500000| PB 0x000000008b500000| Complete |  0
|  82|0x000000008b600000, 0x000000008b700000, 0x000000008b700000|100%| E|CS|TAMS 0x000000008b600000| PB 0x000000008b600000| Complete |  0
|  83|0x000000008b700000, 0x000000008b800000, 0x000000008b800000|100%| E|CS|TAMS 0x000000008b700000| PB 0x000000008b700000| Complete |  0
|  84|0x000000008b800000, 0x000000008b900000, 0x000000008b900000|100%| E|CS|TAMS 0x000000008b800000| PB 0x000000008b800000| Complete |  0
|  85|0x000000008b900000, 0x000000008ba00000, 0x000000008ba00000|100%| E|CS|TAMS 0x000000008b900000| PB 0x000000008b900000| Complete |  0
|  86|0x000000008ba00000, 0x000000008bb00000, 0x000000008bb00000|100%| E|CS|TAMS 0x000000008ba00000| PB 0x000000008ba00000| Complete |  0
|  87|0x000000008bb00000, 0x000000008bc00000, 0x000000008bc00000|100%| E|CS|TAMS 0x000000008bb00000| PB 0x000000008bb00000| Complete |  0
|  88|0x000000008bc00000, 0x000000008bd00000, 0x000000008bd00000|100%| E|CS|TAMS 0x000000008bc00000| PB 0x000000008bc00000| Complete |  0
|  89|0x000000008bd00000, 0x000000008be00000, 0x000000008be00000|100%| E|CS|TAMS 0x000000008bd00000| PB 0x000000008bd00000| Complete |  0

Card table byte_map: [0x00000254c3530000,0x00000254c3900000] _byte_map_base: 0x00000254c30fe000

Marking Bits: (CMBitMap*) 0x00000254bc5c3730
 Bits: [0x00000254c3900000, 0x00000254c5770000)

Polling page: 0x00000254ba320000

Metaspace:

Usage:
  Non-class:     74.20 MB used.
      Class:     11.60 MB used.
       Both:     85.80 MB used.

Virtual space:
  Non-class space:      128.00 MB reserved,      74.94 MB ( 59%) committed,  2 nodes.
      Class space:        1.00 GB reserved,      12.12 MB (  1%) committed,  1 nodes.
             Both:        1.12 GB reserved,      87.06 MB (  8%) committed. 

Chunk freelists:
   Non-Class:  5.33 MB
       Class:  3.79 MB
        Both:  9.13 MB

MaxMetaspaceSize: unlimited
CompressedClassSpaceSize: 1.00 GB
Initial GC threshold: 21.00 MB
Current GC threshold: 147.94 MB
CDS: off
 - commit_granule_bytes: 65536.
 - commit_granule_words: 8192.
 - virtual_space_node_default_size: 8388608.
 - enlarge_chunks_in_place: 1.
 - use_allocation_guard: 0.


Internal statistics:

num_allocs_failed_limit: 9.
num_arena_births: 10580.
num_arena_deaths: 9392.
num_vsnodes_births: 3.
num_vsnodes_deaths: 0.
num_space_committed: 1617.
num_space_uncommitted: 156.
num_chunks_returned_to_freelist: 16129.
num_chunks_taken_from_freelist: 20514.
num_chunk_merges: 2173.
num_chunk_splits: 7790.
num_chunks_enlarged: 5813.
num_inconsistent_stats: 0.

CodeCache: size=49152Kb used=29231Kb max_used=30466Kb free=19920Kb
 bounds [0x00000254c0050000, 0x00000254c1e20000, 0x00000254c3050000]
 total_blobs=14142 nmethods=13430 adapters=635
 compilation: enabled
              stopped_count=0, restarted_count=0
 full_count=0

Compilation events (20 events):
Event: 22553.663 Thread 0x00000254c82f0340 62268       1       java.rmi.server.UID::equals (54 bytes)
Event: 22553.664 Thread 0x00000254c82f0340 nmethod 62268 0x00000254c1b37490 code [0x00000254c1b37620, 0x00000254c1b377c8]
Event: 22553.664 Thread 0x00000254c82f0340 62269       1       java.lang.ref.Reference::clear (5 bytes)
Event: 22553.664 Thread 0x00000254c82f0340 nmethod 62269 0x00000254c1b37190 code [0x00000254c1b37320, 0x00000254c1b37408]
Event: 22553.666 Thread 0x00000254c82f0340 62270       1       java.io.ObjectOutputStream::writeString (74 bytes)
Event: 22553.667 Thread 0x00000254c82f0340 nmethod 62270 0x00000254c1b36790 code [0x00000254c1b369c0, 0x00000254c1b36dc8]
Event: 22591.896 Thread 0x00000254c82f0340 62271       1       java.lang.invoke.BoundMethodHandle$Species_L::speciesData (4 bytes)
Event: 22591.896 Thread 0x00000254c82f0340 nmethod 62271 0x00000254c021a090 code [0x00000254c021a220, 0x00000254c021a2f0]
Event: 22591.923 Thread 0x00000254c82f0340 62272       1       org.springframework.boot.SpringApplication::getClassLoader (21 bytes)
Event: 22591.923 Thread 0x00000254c82f0340 nmethod 62272 0x00000254c07c9a90 code [0x00000254c07c9c40, 0x00000254c07c9d90]
Event: 22593.210 Thread 0x00000254c82f0340 62273       1       java.util.ImmutableCollections$Set12::size (16 bytes)
Event: 22593.210 Thread 0x00000254c82f0340 nmethod 62273 0x00000254c038e290 code [0x00000254c038e420, 0x00000254c038e500]
Event: 22593.247 Thread 0x00000254c82f0340 62274       1       org.hibernate.service.internal.SessionFactoryServiceRegistryImpl::getSessionFactory (5 bytes)
Event: 22593.247 Thread 0x00000254c82f0340 nmethod 62274 0x00000254c0416490 code [0x00000254c0416620, 0x00000254c04166e8]
Event: 22613.674 Thread 0x00000254c82f0340 62276       1       jdk.internal.misc.Unsafe::convEndian (16 bytes)
Event: 22613.675 Thread 0x00000254c82f0340 nmethod 62276 0x00000254c0539c90 code [0x00000254c0539e20, 0x00000254c0539f00]
Event: 22613.675 Thread 0x00000254c82f0340 62275       1       java.lang.invoke.VarHandleByteArrayAsInts$ArrayHandle::index (12 bytes)
Event: 22613.675 Thread 0x00000254c82f0340 nmethod 62275 0x00000254c13b5010 code [0x00000254c13b51a0, 0x00000254c13b5290]
Event: 22613.675 Thread 0x00000254c82f0340 62277       1       jdk.internal.misc.Unsafe::pick (12 bytes)
Event: 22613.675 Thread 0x00000254c82f0340 nmethod 62277 0x00000254c0bdf610 code [0x00000254c0bdf7a0, 0x00000254c0bdf850]

GC Heap History (20 events):
Event: 22365.289 GC heap before
{Heap before GC invocations=558 (full 140):
 garbage-first heap   total reserved 1994752K, committed 92160K, used 77428K [0x0000000086400000, 0x0000000100000000)
  region size 1024K, 48 young (49152K), 0 survivors (0K)
 Metaspace       used 87141K, committed 89152K, reserved 1179648K
  class space    used 11818K, committed 12416K, reserved 1048576K
}
Event: 22365.293 GC heap after
{Heap after GC invocations=559 (full 140):
 garbage-first heap   total reserved 1994752K, committed 92160K, used 32175K [0x0000000086400000, 0x0000000100000000)
  region size 1024K, 4 young (4096K), 4 survivors (4096K)
 Metaspace       used 87141K, committed 89152K, reserved 1179648K
  class space    used 11818K, committed 12416K, reserved 1048576K
}
Event: 22419.293 GC heap before
{Heap before GC invocations=560 (full 140):
 garbage-first heap   total reserved 1994752K, committed 92160K, used 78255K [0x0000000086400000, 0x0000000100000000)
  region size 1024K, 49 young (50176K), 4 survivors (4096K)
 Metaspace       used 87454K, committed 89152K, reserved 1179648K
  class space    used 11840K, committed 12416K, reserved 1048576K
}
Event: 22419.307 GC heap after
{Heap after GC invocations=561 (full 140):
 garbage-first heap   total reserved 1994752K, committed 92160K, used 33927K [0x0000000086400000, 0x0000000100000000)
  region size 1024K, 3 young (3072K), 3 survivors (3072K)
 Metaspace       used 87454K, committed 89152K, reserved 1179648K
  class space    used 11840K, committed 12416K, reserved 1048576K
}
Event: 22453.339 GC heap before
{Heap before GC invocations=561 (full 140):
 garbage-first heap   total reserved 1994752K, committed 92160K, used 46215K [0x0000000086400000, 0x0000000100000000)
  region size 1024K, 16 young (16384K), 3 survivors (3072K)
 Metaspace       used 87457K, committed 89152K, reserved 1179648K
  class space    used 11840K, committed 12416K, reserved 1048576K
}
Event: 22453.434 GC heap after
{Heap after GC invocations=562 (full 141):
 garbage-first heap   total reserved 1994752K, committed 92160K, used 27926K [0x0000000086400000, 0x0000000100000000)
  region size 1024K, 0 young (0K), 0 survivors (0K)
 Metaspace       used 87363K, committed 89152K, reserved 1179648K
  class space    used 11815K, committed 12416K, reserved 1048576K
}
Event: 22454.494 GC heap before
{Heap before GC invocations=562 (full 141):
 garbage-first heap   total reserved 1994752K, committed 92160K, used 78102K [0x0000000086400000, 0x0000000100000000)
  region size 1024K, 50 young (51200K), 0 survivors (0K)
 Metaspace       used 87557K, committed 89152K, reserved 1179648K
  class space    used 11836K, committed 12416K, reserved 1048576K
}
Event: 22454.498 GC heap after
{Heap after GC invocations=563 (full 141):
 garbage-first heap   total reserved 1994752K, committed 92160K, used 32581K [0x0000000086400000, 0x0000000100000000)
  region size 1024K, 5 young (5120K), 5 survivors (5120K)
 Metaspace       used 87557K, committed 89152K, reserved 1179648K
  class space    used 11836K, committed 12416K, reserved 1048576K
}
Event: 22516.136 GC heap before
{Heap before GC invocations=563 (full 141):
 garbage-first heap   total reserved 1994752K, committed 92160K, used 79685K [0x0000000086400000, 0x0000000100000000)
  region size 1024K, 51 young (52224K), 5 survivors (5120K)
 Metaspace       used 87825K, committed 89152K, reserved 1179648K
  class space    used 11853K, committed 12416K, reserved 1048576K
}
Event: 22516.144 GC heap after
{Heap after GC invocations=564 (full 141):
 garbage-first heap   total reserved 1994752K, committed 92160K, used 33596K [0x0000000086400000, 0x0000000100000000)
  region size 1024K, 3 young (3072K), 3 survivors (3072K)
 Metaspace       used 87825K, committed 89152K, reserved 1179648K
  class space    used 11853K, committed 12416K, reserved 1048576K
}
Event: 22544.799 GC heap before
{Heap before GC invocations=564 (full 141):
 garbage-first heap   total reserved 1994752K, committed 92160K, used 43836K [0x0000000086400000, 0x0000000100000000)
  region size 1024K, 14 young (14336K), 3 survivors (3072K)
 Metaspace       used 87827K, committed 89152K, reserved 1179648K
  class space    used 11854K, committed 12416K, reserved 1048576K
}
Event: 22544.875 GC heap after
{Heap after GC invocations=565 (full 142):
 garbage-first heap   total reserved 1994752K, committed 92160K, used 25030K [0x0000000086400000, 0x0000000100000000)
  region size 1024K, 0 young (0K), 0 survivors (0K)
 Metaspace       used 87311K, committed 89152K, reserved 1179648K
  class space    used 11805K, committed 12416K, reserved 1048576K
}
Event: 22546.330 GC heap before
{Heap before GC invocations=565 (full 142):
 garbage-first heap   total reserved 1994752K, committed 92160K, used 77254K [0x0000000086400000, 0x0000000100000000)
  region size 1024K, 52 young (53248K), 0 survivors (0K)
 Metaspace       used 87596K, committed 89152K, reserved 1179648K
  class space    used 11857K, committed 12416K, reserved 1048576K
}
Event: 22546.338 GC heap after
{Heap after GC invocations=566 (full 142):
 garbage-first heap   total reserved 1994752K, committed 92160K, used 30281K [0x0000000086400000, 0x0000000100000000)
  region size 1024K, 6 young (6144K), 6 survivors (6144K)
 Metaspace       used 87596K, committed 89152K, reserved 1179648K
  class space    used 11857K, committed 12416K, reserved 1048576K
}
Event: 22591.691 GC heap before
{Heap before GC invocations=566 (full 142):
 garbage-first heap   total reserved 1994752K, committed 92160K, used 77385K [0x0000000086400000, 0x0000000100000000)
  region size 1024K, 52 young (53248K), 6 survivors (6144K)
 Metaspace       used 87964K, committed 89152K, reserved 1179648K
  class space    used 11892K, committed 12416K, reserved 1048576K
}
Event: 22591.718 GC heap after
{Heap after GC invocations=567 (full 142):
 garbage-first heap   total reserved 1994752K, committed 92160K, used 33716K [0x0000000086400000, 0x0000000100000000)
  region size 1024K, 5 young (5120K), 5 survivors (5120K)
 Metaspace       used 87964K, committed 89152K, reserved 1179648K
  class space    used 11892K, committed 12416K, reserved 1048576K
}
Event: 22591.803 GC heap before
{Heap before GC invocations=567 (full 142):
 garbage-first heap   total reserved 1994752K, committed 92160K, used 33716K [0x0000000086400000, 0x0000000100000000)
  region size 1024K, 6 young (6144K), 5 survivors (5120K)
 Metaspace       used 87966K, committed 89152K, reserved 1179648K
  class space    used 11893K, committed 12416K, reserved 1048576K
}
Event: 22591.891 GC heap after
{Heap after GC invocations=568 (full 143):
 garbage-first heap   total reserved 1994752K, committed 92160K, used 27995K [0x0000000086400000, 0x0000000100000000)
  region size 1024K, 0 young (0K), 0 survivors (0K)
 Metaspace       used 87443K, committed 89152K, reserved 1179648K
  class space    used 11842K, committed 12416K, reserved 1048576K
}
Event: 22593.127 GC heap before
{Heap before GC invocations=568 (full 143):
 garbage-first heap   total reserved 1994752K, committed 92160K, used 78171K [0x0000000086400000, 0x0000000100000000)
  region size 1024K, 49 young (50176K), 0 survivors (0K)
 Metaspace       used 87603K, committed 89152K, reserved 1179648K
  class space    used 11860K, committed 12416K, reserved 1048576K
}
Event: 22593.131 GC heap after
{Heap after GC invocations=569 (full 143):
 garbage-first heap   total reserved 1994752K, committed 92160K, used 31918K [0x0000000086400000, 0x0000000100000000)
  region size 1024K, 4 young (4096K), 4 survivors (4096K)
 Metaspace       used 87603K, committed 89152K, reserved 1179648K
  class space    used 11860K, committed 12416K, reserved 1048576K
}

Dll operation events (12 events):
Event: 0.025 Loaded shared library C:\Users\satish.kumar\.p2\pool\plugins\org.eclipse.justj.openjdk.hotspot.jre.full.win32.x86_64_22.0.2.v20240802-1626\jre\bin\java.dll
Event: 0.036 Loaded shared library C:\Users\satish.kumar\.p2\pool\plugins\org.eclipse.justj.openjdk.hotspot.jre.full.win32.x86_64_22.0.2.v20240802-1626\jre\bin\zip.dll
Event: 0.365 Loaded shared library C:\Users\satish.kumar\.p2\pool\plugins\org.eclipse.justj.openjdk.hotspot.jre.full.win32.x86_64_22.0.2.v20240802-1626\jre\bin\instrument.dll
Event: 0.375 Loaded shared library C:\Users\satish.kumar\.p2\pool\plugins\org.eclipse.justj.openjdk.hotspot.jre.full.win32.x86_64_22.0.2.v20240802-1626\jre\bin\net.dll
Event: 0.377 Loaded shared library C:\Users\satish.kumar\.p2\pool\plugins\org.eclipse.justj.openjdk.hotspot.jre.full.win32.x86_64_22.0.2.v20240802-1626\jre\bin\nio.dll
Event: 0.384 Loaded shared library C:\Users\satish.kumar\.p2\pool\plugins\org.eclipse.justj.openjdk.hotspot.jre.full.win32.x86_64_22.0.2.v20240802-1626\jre\bin\zip.dll
Event: 0.551 Loaded shared library C:\Users\satish.kumar\.p2\pool\plugins\org.eclipse.justj.openjdk.hotspot.jre.full.win32.x86_64_22.0.2.v20240802-1626\jre\bin\jimage.dll
Event: 0.600 Loaded shared library C:\Users\satish.kumar\.p2\pool\plugins\org.eclipse.justj.openjdk.hotspot.jre.full.win32.x86_64_22.0.2.v20240802-1626\jre\bin\management.dll
Event: 0.613 Loaded shared library C:\Users\satish.kumar\.p2\pool\plugins\org.eclipse.justj.openjdk.hotspot.jre.full.win32.x86_64_22.0.2.v20240802-1626\jre\bin\management_ext.dll
Event: 0.849 Loaded shared library C:\Users\satish.kumar\.p2\pool\plugins\org.eclipse.justj.openjdk.hotspot.jre.full.win32.x86_64_22.0.2.v20240802-1626\jre\bin\extnet.dll
Event: 0.871 Loaded shared library C:\Users\satish.kumar\.p2\pool\plugins\org.eclipse.justj.openjdk.hotspot.jre.full.win32.x86_64_22.0.2.v20240802-1626\jre\bin\verify.dll
Event: 1.953 Loaded shared library C:\Users\satish.kumar\.p2\pool\plugins\org.eclipse.justj.openjdk.hotspot.jre.full.win32.x86_64_22.0.2.v20240802-1626\jre\bin\sunmscapi.dll

Deoptimization events (20 events):
Event: 22593.280 Thread 0x00000254d01df200 DEOPT PACKING pc=0x00000254c10370e4 sp=0x000000e380afa9a0
Event: 22593.280 Thread 0x00000254d01df200 DEOPT UNPACKING pc=0x00000254c00a4e42 sp=0x000000e380af9ed8 mode 1
Event: 22593.280 Thread 0x00000254d01df200 DEOPT PACKING pc=0x00000254c0d343cc sp=0x000000e380afaa90
Event: 22593.280 Thread 0x00000254d01df200 DEOPT UNPACKING pc=0x00000254c00a4e42 sp=0x000000e380afa040 mode 1
Event: 22593.280 Thread 0x00000254d01df200 DEOPT PACKING pc=0x00000254c04b2a74 sp=0x000000e380afac00
Event: 22593.280 Thread 0x00000254d01df200 DEOPT UNPACKING pc=0x00000254c00a4e42 sp=0x000000e380afa1c0 mode 1
Event: 22593.280 Thread 0x00000254d01df200 DEOPT PACKING pc=0x00000254c10370e4 sp=0x000000e380af7b70
Event: 22593.280 Thread 0x00000254d01df200 DEOPT UNPACKING pc=0x00000254c00a4e42 sp=0x000000e380af70a8 mode 1
Event: 22593.280 Thread 0x00000254d01df200 DEOPT PACKING pc=0x00000254c0d343cc sp=0x000000e380af7c60
Event: 22593.280 Thread 0x00000254d01df200 DEOPT UNPACKING pc=0x00000254c00a4e42 sp=0x000000e380af7210 mode 1
Event: 22593.280 Thread 0x00000254d01df200 DEOPT PACKING pc=0x00000254c04b2a74 sp=0x000000e380af7dd0
Event: 22593.280 Thread 0x00000254d01df200 DEOPT UNPACKING pc=0x00000254c00a4e42 sp=0x000000e380af7390 mode 1
Event: 22593.281 Thread 0x00000254d01df200 DEOPT PACKING pc=0x00000254c10370e4 sp=0x000000e380afbd20
Event: 22593.281 Thread 0x00000254d01df200 DEOPT UNPACKING pc=0x00000254c00a4e42 sp=0x000000e380afb258 mode 1
Event: 22593.281 Thread 0x00000254d01df200 DEOPT PACKING pc=0x00000254c0d343cc sp=0x000000e380afbe10
Event: 22593.281 Thread 0x00000254d01df200 DEOPT UNPACKING pc=0x00000254c00a4e42 sp=0x000000e380afb3c0 mode 1
Event: 22593.281 Thread 0x00000254d01df200 DEOPT PACKING pc=0x00000254c04b2a74 sp=0x000000e380afbf80
Event: 22593.281 Thread 0x00000254d01df200 DEOPT UNPACKING pc=0x00000254c00a4e42 sp=0x000000e380afb540 mode 1
Event: 22615.170 Thread 0x00000254d01df200 DEOPT PACKING pc=0x00000254c048db74 sp=0x000000e380afc9a0
Event: 22615.170 Thread 0x00000254d01df200 DEOPT UNPACKING pc=0x00000254c00a4e42 sp=0x000000e380afbe58 mode 0

Classes loaded (20 events):
Event: 19142.128 Loading class java/time/DurationEditor
Event: 19142.128 Loading class java/time/DurationEditor done
Event: 20494.509 Loading class java/time/DurationEditor
Event: 20494.509 Loading class java/time/DurationEditor done
Event: 20597.717 Loading class java/time/DurationEditor
Event: 20597.717 Loading class java/time/DurationEditor done
Event: 20787.674 Loading class java/time/DurationEditor
Event: 20787.674 Loading class java/time/DurationEditor done
Event: 21589.175 Loading class java/time/DurationEditor
Event: 21589.175 Loading class java/time/DurationEditor done
Event: 21861.911 Loading class java/time/DurationEditor
Event: 21861.911 Loading class java/time/DurationEditor done
Event: 22082.242 Loading class java/time/DurationEditor
Event: 22082.242 Loading class java/time/DurationEditor done
Event: 22156.922 Loading class java/time/DurationEditor
Event: 22156.922 Loading class java/time/DurationEditor done
Event: 22330.000 Loading class java/time/DurationEditor
Event: 22330.000 Loading class java/time/DurationEditor done
Event: 22546.602 Loading class java/time/DurationEditor
Event: 22546.602 Loading class java/time/DurationEditor done

Classes unloaded (20 events):
Event: 22591.840 Thread 0x00000254c8247a60 Unloading class 0x0000000004b5a800 'java/lang/invoke/LambdaForm$MH+0x0000000004b5a800'
Event: 22591.840 Thread 0x00000254c8247a60 Unloading class 0x0000000004c28400 'java/lang/invoke/LambdaForm$MH+0x0000000004c28400'
Event: 22591.840 Thread 0x00000254c8247a60 Unloading class 0x00000000044d1c00 'java/lang/invoke/LambdaForm$MH+0x00000000044d1c00'
Event: 22591.840 Thread 0x00000254c8247a60 Unloading class 0x000000000447a400 'java/lang/invoke/LambdaForm$MH+0x000000000447a400'
Event: 22591.840 Thread 0x00000254c8247a60 Unloading class 0x00000000044f4800 'java/lang/invoke/LambdaForm$MH+0x00000000044f4800'
Event: 22591.840 Thread 0x00000254c8247a60 Unloading class 0x0000000004b51c00 'java/lang/invoke/LambdaForm$MH+0x0000000004b51c00'
Event: 22591.840 Thread 0x00000254c8247a60 Unloading class 0x0000000004c2d000 'java/lang/invoke/LambdaForm$MH+0x0000000004c2d000'
Event: 22591.840 Thread 0x00000254c8247a60 Unloading class 0x0000000004b91000 'java/lang/invoke/LambdaForm$MH+0x0000000004b91000'
Event: 22591.840 Thread 0x00000254c8247a60 Unloading class 0x0000000004a38000 'java/lang/invoke/LambdaForm$MH+0x0000000004a38000'
Event: 22591.840 Thread 0x00000254c8247a60 Unloading class 0x000000000444c400 'java/lang/invoke/LambdaForm$MH+0x000000000444c400'
Event: 22591.840 Thread 0x00000254c8247a60 Unloading class 0x0000000004bdac00 'java/lang/invoke/LambdaForm$MH+0x0000000004bdac00'
Event: 22591.840 Thread 0x00000254c8247a60 Unloading class 0x0000000004b92000 'java/lang/invoke/LambdaForm$MH+0x0000000004b92000'
Event: 22591.840 Thread 0x00000254c8247a60 Unloading class 0x0000000004b48400 'java/lang/invoke/LambdaForm$MH+0x0000000004b48400'
Event: 22591.840 Thread 0x00000254c8247a60 Unloading class 0x000000000455e000 'java/lang/invoke/LambdaForm$MH+0x000000000455e000'
Event: 22591.840 Thread 0x00000254c8247a60 Unloading class 0x000000000444b800 'java/lang/invoke/LambdaForm$MH+0x000000000444b800'
Event: 22591.840 Thread 0x00000254c8247a60 Unloading class 0x0000000004b82000 'java/lang/invoke/LambdaForm$MH+0x0000000004b82000'
Event: 22591.840 Thread 0x00000254c8247a60 Unloading class 0x0000000004c49000 'java/lang/invoke/LambdaForm$MH+0x0000000004c49000'
Event: 22591.840 Thread 0x00000254c8247a60 Unloading class 0x0000000004c18c00 'java/lang/invoke/LambdaForm$MH+0x0000000004c18c00'
Event: 22591.840 Thread 0x00000254c8247a60 Unloading class 0x0000000004c0f000 'java/lang/invoke/LambdaForm$MH+0x0000000004c0f000'
Event: 22591.840 Thread 0x00000254c8247a60 Unloading class 0x0000000004c26c00 'java/lang/invoke/LambdaForm$MH+0x0000000004c26c00'

Classes redefined (8 events):
Event: 22355.761 Thread 0x00000254c8247a60 redefined class name=com.wellness_spinnify.service.WfSpinnifyAmService, count=1
Event: 22355.761 Thread 0x00000254c8247a60 redefined class name=com.wellness_spinnify.service.WfSpinnifyAmService, count=1
Event: 22355.761 Thread 0x00000254c8247a60 redefined class name=com.wellness_spinnify.service.WfSpinnifyAmService, count=1
Event: 22355.761 Thread 0x00000254c8247a60 redefined class name=com.wellness_spinnify.service.WfSpinnifyAmService, count=1
Event: 22363.065 Thread 0x00000254c8247a60 redefined class name=com.wellness_spinnify.service.WfSpinnifyAmService, count=1
Event: 22363.065 Thread 0x00000254c8247a60 redefined class name=com.wellness_spinnify.service.WfSpinnifyAmService, count=2
Event: 22363.065 Thread 0x00000254c8247a60 redefined class name=com.wellness_spinnify.service.WfSpinnifyAmService, count=2
Event: 22363.065 Thread 0x00000254c8247a60 redefined class name=com.wellness_spinnify.service.WfSpinnifyAmService, count=2

Internal exceptions (20 events):
Event: 22545.635 Thread 0x00000254d5e8cbd0 Exception <a 'java/lang/NoClassDefFoundError'{0x000000008a31e618}: liquibase/integration/spring/SpringLiquibase> (0x000000008a31e618) 
thrown [s\src\hotspot\share\oops\constantPool.cpp, line 872]
Event: 22545.641 Thread 0x00000254d5e8cbd0 Exception <a 'java/lang/NoClassDefFoundError'{0x000000008a3c9148}: org/jooq/DSLContext> (0x000000008a3c9148) 
thrown [s\src\hotspot\share\oops\constantPool.cpp, line 872]
Event: 22545.643 Thread 0x00000254d5e8cbd0 Exception <a 'java/lang/NoClassDefFoundError'{0x000000008a3d7150}: org/springframework/batch/core/repository/JobRepository> (0x000000008a3d7150) 
thrown [s\src\hotspot\share\oops\constantPool.cpp, line 872]
Event: 22545.644 Thread 0x00000254d5e8cbd0 Exception <a 'java/lang/NoClassDefFoundError'{0x000000008a3d77a8}: org/quartz/Scheduler> (0x000000008a3d77a8) 
thrown [s\src\hotspot\share\oops\constantPool.cpp, line 872]
Event: 22545.645 Thread 0x00000254d5e8cbd0 Exception <a 'java/lang/NoClassDefFoundError'{0x000000008a3d7e28}: org/springframework/session/jdbc/JdbcIndexedSessionRepository> (0x000000008a3d7e28) 
thrown [s\src\hotspot\share\oops\constantPool.cpp, line 872]
Event: 22545.651 Thread 0x00000254d5e8cbd0 Exception <a 'java/lang/NoSuchMethodError'{0x000000008a26ede8}: 'void java.lang.invoke.DelegatingMethodHandle$Holder.reinvoke_L(java.lang.Object, java.lang.Object, int)'> (0x000000008a26ede8) 
thrown [s\src\hotspot\share\interpreter\linkResolver.cpp, line 774]
Event: 22545.754 Thread 0x00000254d5e8cbd0 Exception <a 'java/lang/NoSuchMethodError'{0x0000000089b78918}: 'int java.lang.invoke.DirectMethodHandle$Holder.invokeVirtual(java.lang.Object, java.lang.Object, java.lang.Object, java.lang.Object)'> (0x0000000089b78918) 
thrown [s\src\hotspot\share\interpreter\linkResolver.cpp, line 774]
Event: 22545.755 Thread 0x00000254d5e8cbd0 Exception <a 'java/lang/NoSuchMethodError'{0x0000000089b7c0d0}: 'int java.lang.invoke.DelegatingMethodHandle$Holder.reinvoke_L(java.lang.Object, java.lang.Object, java.lang.Object, java.lang.Object)'> (0x0000000089b7c0d0) 
thrown [s\src\hotspot\share\interpreter\linkResolver.cpp, line 774]
Event: 22545.777 Thread 0x00000254d5e8cbd0 Exception <a 'java/io/FileNotFoundException'{0x0000000089bd4fc8}> (0x0000000089bd4fc8) 
thrown [s\src\hotspot\share\prims\jni.cpp, line 520]
Event: 22545.834 Thread 0x00000254d5e8cbd0 Exception <a 'java/io/FileNotFoundException'{0x00000000899a9c88}> (0x00000000899a9c88) 
thrown [s\src\hotspot\share\prims\jni.cpp, line 520]
Event: 22591.802 Thread 0x00000254d5e89750 Exception <a 'java/lang/InterruptedException'{0x000000008bdb9260}: sleep interrupted> (0x000000008bdb9260) 
thrown [s\src\hotspot\share\prims\jvm.cpp, line 3093]
Event: 22591.905 Thread 0x00000254d01df200 Exception <a 'sun/nio/fs/WindowsException'{0x000000008bd83cf0}> (0x000000008bd83cf0) 
thrown [s\src\hotspot\share\prims\jni.cpp, line 520]
Event: 22592.201 Thread 0x00000254d01df200 Exception <a 'java/lang/NoClassDefFoundError'{0x000000008a5b7070}: org/flywaydb/core/Flyway> (0x000000008a5b7070) 
thrown [s\src\hotspot\share\oops\constantPool.cpp, line 872]
Event: 22592.781 Thread 0x00000254d01df200 Exception <a 'java/lang/NoClassDefFoundError'{0x000000008a5b76d0}: liquibase/integration/spring/SpringLiquibase> (0x000000008a5b76d0) 
thrown [s\src\hotspot\share\oops\constantPool.cpp, line 872]
Event: 22592.802 Thread 0x00000254d01df200 Exception <a 'java/lang/NoClassDefFoundError'{0x000000008a455540}: org/jooq/DSLContext> (0x000000008a455540) 
thrown [s\src\hotspot\share\oops\constantPool.cpp, line 872]
Event: 22592.811 Thread 0x00000254d01df200 Exception <a 'java/lang/NoClassDefFoundError'{0x000000008a463520}: org/springframework/batch/core/repository/JobRepository> (0x000000008a463520) 
thrown [s\src\hotspot\share\oops\constantPool.cpp, line 872]
Event: 22592.817 Thread 0x00000254d01df200 Exception <a 'java/lang/NoClassDefFoundError'{0x000000008a463b78}: org/quartz/Scheduler> (0x000000008a463b78) 
thrown [s\src\hotspot\share\oops\constantPool.cpp, line 872]
Event: 22592.823 Thread 0x00000254d01df200 Exception <a 'java/lang/NoClassDefFoundError'{0x000000008a4641f8}: org/springframework/session/jdbc/JdbcIndexedSessionRepository> (0x000000008a4641f8) 
thrown [s\src\hotspot\share\oops\constantPool.cpp, line 872]
Event: 22592.919 Thread 0x00000254d01df200 Exception <a 'java/io/FileNotFoundException'{0x0000000089d31190}> (0x0000000089d31190) 
thrown [s\src\hotspot\share\prims\jni.cpp, line 520]
Event: 22592.937 Thread 0x00000254d01df200 Exception <a 'java/io/FileNotFoundException'{0x0000000089b0e420}> (0x0000000089b0e420) 
thrown [s\src\hotspot\share\prims\jni.cpp, line 520]

ZGC Phase Switch (0 events):
No events

VM Operations (20 events):
Event: 22615.572 Executing VM operation: get/set locals
Event: 22615.572 Executing VM operation: get/set locals done
Event: 22615.573 Executing VM operation: get/set locals
Event: 22615.573 Executing VM operation: get/set locals done
Event: 22615.574 Executing VM operation: get/set locals
Event: 22615.574 Executing VM operation: get/set locals done
Event: 22615.575 Executing VM operation: get/set locals
Event: 22615.575 Executing VM operation: get/set locals done
Event: 22615.576 Executing VM operation: get/set locals
Event: 22615.576 Executing VM operation: get/set locals done
Event: 22615.576 Executing VM operation: get/set locals
Event: 22615.577 Executing VM operation: get/set locals done
Event: 22615.577 Executing VM operation: get/set locals
Event: 22615.577 Executing VM operation: get/set locals done
Event: 22615.578 Executing VM operation: get/set locals
Event: 22615.578 Executing VM operation: get/set locals done
Event: 22615.579 Executing VM operation: get/set locals
Event: 22615.579 Executing VM operation: get/set locals done
Event: 22615.580 Executing VM operation: get/set locals
Event: 22615.580 Executing VM operation: get/set locals done

Memory protections (0 events):
No events

Nmethod flushes (20 events):
Event: 22591.859 Thread 0x00000254c8247a60 flushing  nmethod 0x00000254c1ab5890
Event: 22591.859 Thread 0x00000254c8247a60 flushing  nmethod 0x00000254c1d4f590
Event: 22591.859 Thread 0x00000254c8247a60 flushing  nmethod 0x00000254c0fb8190
Event: 22591.859 Thread 0x00000254c8247a60 flushing  nmethod 0x00000254c10b1810
Event: 22591.859 Thread 0x00000254c8247a60 flushing  nmethod 0x00000254c15f2590
Event: 22591.859 Thread 0x00000254c8247a60 flushing  nmethod 0x00000254c1999d10
Event: 22591.859 Thread 0x00000254c8247a60 flushing  nmethod 0x00000254c1c95390
Event: 22591.859 Thread 0x00000254c8247a60 flushing  nmethod 0x00000254c021a090
Event: 22591.859 Thread 0x00000254c8247a60 flushing  nmethod 0x00000254c04ae790
Event: 22591.859 Thread 0x00000254c8247a60 flushing  nmethod 0x00000254c0bde110
Event: 22591.859 Thread 0x00000254c8247a60 flushing  nmethod 0x00000254c0bde410
Event: 22591.859 Thread 0x00000254c8247a60 flushing  nmethod 0x00000254c0bdea10
Event: 22591.859 Thread 0x00000254c8247a60 flushing  nmethod 0x00000254c0bded10
Event: 22591.859 Thread 0x00000254c8247a60 flushing  nmethod 0x00000254c0bdf010
Event: 22591.859 Thread 0x00000254c8247a60 flushing  nmethod 0x00000254c0bdf610
Event: 22591.859 Thread 0x00000254c8247a60 flushing  nmethod 0x00000254c0d22b90
Event: 22591.859 Thread 0x00000254c8247a60 flushing  nmethod 0x00000254c0fef910
Event: 22591.859 Thread 0x00000254c8247a60 flushing  nmethod 0x00000254c1387010
Event: 22591.859 Thread 0x00000254c8247a60 flushing  nmethod 0x00000254c17c7310
Event: 22593.171 Thread 0x00000254c8247a60 flushing  nmethod 0x00000254c1925510

Events (20 events):
Event: 22591.740 Thread 0x00000254d5e8b190 Thread exited: 0x00000254d5e8b190
Event: 22591.740 Thread 0x00000254d5e8df80 Thread exited: 0x00000254d5e8df80
Event: 22591.740 Thread 0x00000254d5e8beb0 Thread exited: 0x00000254d5e8beb0
Event: 22591.789 Thread 0x00000254d01db6f0 Thread added: 0x00000254d01dbd80
Event: 22591.789 Thread 0x00000254d5e8b820 Thread exited: 0x00000254d5e8b820
Event: 22591.791 Thread 0x00000254d01dbd80 Thread exited: 0x00000254d01dbd80
Event: 22591.802 Thread 0x00000254d5e89750 Thread exited: 0x00000254d5e89750
Event: 22591.891 Thread 0x00000254d5e8c540 Thread exited: 0x00000254d5e8c540
Event: 22591.891 Thread 0x00000254d01db6f0 Thread added: 0x00000254d01dbd80
Event: 22591.892 Thread 0x00000254d5e8a470 Thread exited: 0x00000254d5e8a470
Event: 22591.893 Thread 0x00000254d01dbd80 Thread exited: 0x00000254d01dbd80
Event: 22591.893 Thread 0x00000254d01db6f0 Thread added: 0x00000254d01df200
Event: 22591.947 Thread 0x00000254d01df200 Thread added: 0x00000254d01dbd80
Event: 22591.985 Thread 0x00000254d01dbd80 Thread exited: 0x00000254d01dbd80
Event: 22592.938 Thread 0x00000254d01df200 Thread added: 0x00000254d01e12d0
Event: 22592.938 Thread 0x00000254d01df200 Thread added: 0x00000254d01e05b0
Event: 22592.938 Thread 0x00000254d01df200 Thread added: 0x00000254d01e1ff0
Event: 22593.056 Thread 0x00000254d01df200 Thread added: 0x00000254d01dbd80
Event: 22593.172 Thread 0x00000254d01dbd80 Thread added: 0x00000254d01dd130
Event: 22599.150 Thread 0x00000254d01dd130 Thread exited: 0x00000254d01dd130


Dynamic libraries:
0x00007ff6615e0000 - 0x00007ff6615ee000 	C:\Users\satish.kumar\.p2\pool\plugins\org.eclipse.justj.openjdk.hotspot.jre.full.win32.x86_64_22.0.2.v20240802-1626\jre\bin\javaw.exe
0x00007ffb78cf0000 - 0x00007ffb78ee8000 	C:\Windows\SYSTEM32\ntdll.dll
0x00007ffb78120000 - 0x00007ffb781e1000 	C:\Windows\System32\KERNEL32.dll
0x00007ffb6d9f0000 - 0x00007ffb6db0b000 	C:\Windows\system32\hmpalert.dll
0x00007ffb76a20000 - 0x00007ffb76d1d000 	C:\Windows\System32\KERNELBASE.dll
0x00007ffb767c0000 - 0x00007ffb768c0000 	C:\Windows\System32\ucrtbase.dll
0x00007ffb6ed40000 - 0x00007ffb6ed57000 	C:\Users\satish.kumar\.p2\pool\plugins\org.eclipse.justj.openjdk.hotspot.jre.full.win32.x86_64_22.0.2.v20240802-1626\jre\bin\jli.dll
0x00007ffb6cc20000 - 0x00007ffb6cc3b000 	C:\Users\satish.kumar\.p2\pool\plugins\org.eclipse.justj.openjdk.hotspot.jre.full.win32.x86_64_22.0.2.v20240802-1626\jre\bin\VCRUNTIME140.dll
0x00007ffb77860000 - 0x00007ffb779fd000 	C:\Windows\System32\USER32.dll
0x00007ffb76640000 - 0x00007ffb76662000 	C:\Windows\System32\win32u.dll
0x00007ffb78b90000 - 0x00007ffb78bbb000 	C:\Windows\System32\GDI32.dll
0x00007ffb763a0000 - 0x00007ffb764b7000 	C:\Windows\System32\gdi32full.dll
0x00007ffb764c0000 - 0x00007ffb7655d000 	C:\Windows\System32\msvcp_win.dll
0x00007ffb69990000 - 0x00007ffb69c2a000 	C:\Windows\WinSxS\amd64_microsoft.windows.common-controls_6595b64144ccf1df_6.0.19041.4355_none_60b8b9eb71f62e16\COMCTL32.dll
0x00007ffb78080000 - 0x00007ffb7811e000 	C:\Windows\System32\msvcrt.dll
0x00007ffb78280000 - 0x00007ffb782af000 	C:\Windows\System32\IMM32.DLL
0x00007ffb6dc70000 - 0x00007ffb6dc7c000 	C:\Users\satish.kumar\.p2\pool\plugins\org.eclipse.justj.openjdk.hotspot.jre.full.win32.x86_64_22.0.2.v20240802-1626\jre\bin\vcruntime140_1.dll
0x00007ffb4ccf0000 - 0x00007ffb4cd7e000 	C:\Users\satish.kumar\.p2\pool\plugins\org.eclipse.justj.openjdk.hotspot.jre.full.win32.x86_64_22.0.2.v20240802-1626\jre\bin\msvcp140.dll
0x00007ffb090e0000 - 0x00007ffb09ea3000 	C:\Users\satish.kumar\.p2\pool\plugins\org.eclipse.justj.openjdk.hotspot.jre.full.win32.x86_64_22.0.2.v20240802-1626\jre\bin\server\jvm.dll
0x00007ffb76d30000 - 0x00007ffb76de0000 	C:\Windows\System32\ADVAPI32.dll
0x00007ffb77420000 - 0x00007ffb774c0000 	C:\Windows\System32\sechost.dll
0x00007ffb77730000 - 0x00007ffb77853000 	C:\Windows\System32\RPCRT4.dll
0x00007ffb76560000 - 0x00007ffb76587000 	C:\Windows\System32\bcrypt.dll
0x00007ffb78c40000 - 0x00007ffb78cab000 	C:\Windows\System32\WS2_32.dll
0x00007ffb76150000 - 0x00007ffb7619b000 	C:\Windows\SYSTEM32\POWRPROF.dll
0x00007ffb70190000 - 0x00007ffb7019a000 	C:\Windows\SYSTEM32\VERSION.dll
0x00007ffb74690000 - 0x00007ffb746b7000 	C:\Windows\SYSTEM32\WINMM.dll
0x00007ffb76130000 - 0x00007ffb76142000 	C:\Windows\SYSTEM32\UMPDC.dll
0x00007ffb74c20000 - 0x00007ffb74c32000 	C:\Windows\SYSTEM32\kernel.appcore.dll
0x00007ffb70ab0000 - 0x00007ffb70aba000 	C:\Users\satish.kumar\.p2\pool\plugins\org.eclipse.justj.openjdk.hotspot.jre.full.win32.x86_64_22.0.2.v20240802-1626\jre\bin\jimage.dll
0x00007ffb74440000 - 0x00007ffb74624000 	C:\Windows\SYSTEM32\DBGHELP.DLL
0x00007ffb74630000 - 0x00007ffb74664000 	C:\Windows\SYSTEM32\dbgcore.DLL
0x00007ffb766c0000 - 0x00007ffb76742000 	C:\Windows\System32\bcryptPrimitives.dll
0x00007ffb58250000 - 0x00007ffb5828c000 	C:\Users\satish.kumar\.p2\pool\plugins\org.eclipse.justj.openjdk.hotspot.jre.full.win32.x86_64_22.0.2.v20240802-1626\jre\bin\jdwp.dll
0x00007ffb6eda0000 - 0x00007ffb6edaf000 	C:\Users\satish.kumar\.p2\pool\plugins\org.eclipse.justj.openjdk.hotspot.jre.full.win32.x86_64_22.0.2.v20240802-1626\jre\bin\instrument.dll
0x00007ffb6ed80000 - 0x00007ffb6ed9e000 	C:\Users\satish.kumar\.p2\pool\plugins\org.eclipse.justj.openjdk.hotspot.jre.full.win32.x86_64_22.0.2.v20240802-1626\jre\bin\java.dll
0x00007ffb78360000 - 0x00007ffb78acf000 	C:\Windows\System32\SHELL32.dll
0x00007ffb77ae0000 - 0x00007ffb77c0b000 	C:\Windows\System32\ole32.dll
0x00007ffb76de0000 - 0x00007ffb77133000 	C:\Windows\System32\combase.dll
0x00007ffb6df90000 - 0x00007ffb6dfa7000 	C:\Users\satish.kumar\.p2\pool\plugins\org.eclipse.justj.openjdk.hotspot.jre.full.win32.x86_64_22.0.2.v20240802-1626\jre\bin\zip.dll
0x00007ffb73aa0000 - 0x00007ffb74242000 	C:\Windows\SYSTEM32\windows.storage.dll
0x00007ffb75d00000 - 0x00007ffb75d2e000 	C:\Windows\SYSTEM32\Wldp.dll
0x00007ffb77350000 - 0x00007ffb7741d000 	C:\Windows\System32\OLEAUT32.dll
0x00007ffb77a00000 - 0x00007ffb77aad000 	C:\Windows\System32\SHCORE.dll
0x00007ffb78ad0000 - 0x00007ffb78b25000 	C:\Windows\System32\shlwapi.dll
0x00007ffb762d0000 - 0x00007ffb762f4000 	C:\Windows\SYSTEM32\profapi.dll
0x00007ffb70480000 - 0x00007ffb7048c000 	C:\Users\satish.kumar\.p2\pool\plugins\org.eclipse.justj.openjdk.hotspot.jre.full.win32.x86_64_22.0.2.v20240802-1626\jre\bin\dt_socket.dll
0x00007ffb75740000 - 0x00007ffb7577b000 	C:\Windows\SYSTEM32\IPHLPAPI.DLL
0x00007ffb75a60000 - 0x00007ffb75aca000 	C:\Windows\system32\mswsock.dll
0x00007ffb75780000 - 0x00007ffb7584a000 	C:\Windows\SYSTEM32\DNSAPI.dll
0x00007ffb76d20000 - 0x00007ffb76d28000 	C:\Windows\System32\NSI.dll
0x00007ffb6ec90000 - 0x00007ffb6ec9a000 	C:\Windows\System32\rasadhlp.dll
0x00007ffb72960000 - 0x00007ffb729e0000 	C:\Windows\System32\fwpuclnt.dll
0x00007ffb6e4d0000 - 0x00007ffb6e4e0000 	C:\Users\satish.kumar\.p2\pool\plugins\org.eclipse.justj.openjdk.hotspot.jre.full.win32.x86_64_22.0.2.v20240802-1626\jre\bin\net.dll
0x00007ffb6df70000 - 0x00007ffb6df86000 	C:\Users\satish.kumar\.p2\pool\plugins\org.eclipse.justj.openjdk.hotspot.jre.full.win32.x86_64_22.0.2.v20240802-1626\jre\bin\nio.dll
0x00007ffb6c8d0000 - 0x00007ffb6c8da000 	C:\Users\satish.kumar\.p2\pool\plugins\org.eclipse.justj.openjdk.hotspot.jre.full.win32.x86_64_22.0.2.v20240802-1626\jre\bin\management.dll
0x00007ffb6c800000 - 0x00007ffb6c80b000 	C:\Users\satish.kumar\.p2\pool\plugins\org.eclipse.justj.openjdk.hotspot.jre.full.win32.x86_64_22.0.2.v20240802-1626\jre\bin\management_ext.dll
0x00007ffb77ab0000 - 0x00007ffb77ab8000 	C:\Windows\System32\PSAPI.DLL
0x00007ffb655d0000 - 0x00007ffb655e7000 	C:\Windows\system32\napinsp.dll
0x00007ffb65590000 - 0x00007ffb655ab000 	C:\Windows\system32\pnrpnsp.dll
0x00007ffb65550000 - 0x00007ffb65565000 	C:\Windows\system32\wshbth.dll
0x00007ffb70280000 - 0x00007ffb7029d000 	C:\Windows\system32\NLAapi.dll
0x00007ffb648d0000 - 0x00007ffb648e2000 	C:\Windows\System32\winrnr.dll
0x00007ffb75c60000 - 0x00007ffb75c78000 	C:\Windows\SYSTEM32\CRYPTSP.dll
0x00007ffb75380000 - 0x00007ffb753b4000 	C:\Windows\system32\rsaenh.dll
0x00007ffb76250000 - 0x00007ffb7627e000 	C:\Windows\SYSTEM32\USERENV.dll
0x00007ffb75c50000 - 0x00007ffb75c5c000 	C:\Windows\SYSTEM32\CRYPTBASE.dll
0x00007ffb6cbf0000 - 0x00007ffb6cbf9000 	C:\Users\satish.kumar\.p2\pool\plugins\org.eclipse.justj.openjdk.hotspot.jre.full.win32.x86_64_22.0.2.v20240802-1626\jre\bin\extnet.dll
0x00007ffb6df10000 - 0x00007ffb6df20000 	C:\Users\satish.kumar\.p2\pool\plugins\org.eclipse.justj.openjdk.hotspot.jre.full.win32.x86_64_22.0.2.v20240802-1626\jre\bin\verify.dll
0x00007ffb6dca0000 - 0x00007ffb6dcae000 	C:\Users\satish.kumar\.p2\pool\plugins\org.eclipse.justj.openjdk.hotspot.jre.full.win32.x86_64_22.0.2.v20240802-1626\jre\bin\sunmscapi.dll
0x00007ffb768c0000 - 0x00007ffb76a1e000 	C:\Windows\System32\CRYPT32.dll
0x00007ffb75d70000 - 0x00007ffb75d99000 	C:\Windows\SYSTEM32\ncrypt.dll
0x00007ffb75d30000 - 0x00007ffb75d6b000 	C:\Windows\SYSTEM32\NTASN1.dll
0x00007ffb6cc00000 - 0x00007ffb6cc07000 	C:\Windows\system32\wshunix.dll

dbghelp: loaded successfully - version: 4.0.5 - missing functions: none
symbol engine: initialized successfully - sym options: 0x614 - pdb path: .;C:\Users\satish.kumar\.p2\pool\plugins\org.eclipse.justj.openjdk.hotspot.jre.full.win32.x86_64_22.0.2.v20240802-1626\jre\bin;C:\Windows\SYSTEM32;C:\Windows\WinSxS\amd64_microsoft.windows.common-controls_6595b64144ccf1df_6.0.19041.4355_none_60b8b9eb71f62e16;C:\Users\satish.kumar\.p2\pool\plugins\org.eclipse.justj.openjdk.hotspot.jre.full.win32.x86_64_22.0.2.v20240802-1626\jre\bin\server

VM Arguments:
jvm_args: -XX:+ShowCodeDetailsInExceptionMessages -agentlib:jdwp=transport=dt_socket,suspend=y,address=localhost:55375 -Dcom.sun.management.jmxremote -Dcom.sun.management.jmxremote.port=55374 -Dcom.sun.management.jmxremote.authenticate=false -Dcom.sun.management.jmxremote.ssl=false -Djava.rmi.server.hostname=localhost -Dspring.jmx.enabled=true -Dmanagement.endpoints.jmx.exposure.include=* -Dspring.application.admin.enabled=true -XX:TieredStopAtLevel=1 -Dspring.boot.project.name=wf_spinnify -javaagent:C:\Users\satish.kumar\eclipse\jee-2024-06\eclipse\configuration\org.eclipse.osgi\448\0\.cp\lib\javaagent-shaded.jar -Dfile.encoding=UTF-8 -Dstdout.encoding=UTF-8 -Dstderr.encoding=UTF-8 
java_command: com.wellness_spinnify.WfSpinnifyApplication --spring.output.ansi.enabled=always
java_class_path (initial): C:\Users\satish.kumar\Downloads\wf_spinnify\wf_spinnify\target\classes;C:\Users\satish.kumar\.m2\repository\org\springframework\boot\spring-boot-starter-data-jpa\3.3.3\spring-boot-starter-data-jpa-3.3.3.jar;C:\Users\satish.kumar\.m2\repository\org\springframework\boot\spring-boot-starter-aop\3.3.3\spring-boot-starter-aop-3.3.3.jar;C:\Users\satish.kumar\.m2\repository\org\springframework\spring-aop\6.1.12\spring-aop-6.1.12.jar;C:\Users\satish.kumar\.m2\repository\org\aspectj\aspectjweaver\1.9.22.1\aspectjweaver-1.9.22.1.jar;C:\Users\satish.kumar\.m2\repository\org\springframework\boot\spring-boot-starter-jdbc\3.3.3\spring-boot-starter-jdbc-3.3.3.jar;C:\Users\satish.kumar\.m2\repository\com\zaxxer\HikariCP\5.1.0\HikariCP-5.1.0.jar;C:\Users\satish.kumar\.m2\repository\org\springframework\spring-jdbc\6.1.12\spring-jdbc-6.1.12.jar;C:\Users\satish.kumar\.m2\repository\org\hibernate\orm\hibernate-core\6.5.2.Final\hibernate-core-6.5.2.Final.jar;C:\Users\satish.kumar\.m2\repository\jakarta\persistence\jakarta.persistence-api\3.1.0\jakarta.persistence-api-3.1.0.jar;C:\Users\satish.kumar\.m2\repository\jakarta\transaction\jakarta.transaction-api\2.0.1\jakarta.transaction-api-2.0.1.jar;C:\Users\satish.kumar\.m2\repository\org\jboss\logging\jboss-logging\3.5.3.Final\jboss-logging-3.5.3.Final.jar;C:\Users\satish.kumar\.m2\repository\org\hibernate\common\hibernate-commons-annotations\6.0.6.Final\hibernate-commons-annotations-6.0.6.Final.jar;C:\Users\satish.kumar\.m2\repository\io\smallrye\jandex\3.1.2\jandex-3.1.2.jar;C:\Users\satish.kumar\.m2\repository\com\fasterxml\classmate\1.7.0\classmate-1.7.0.jar;C:\Users\satish.kumar\.m2\repository\net\bytebuddy\byte-buddy\1.14.19\byte-buddy-1.14.19.jar;C:\Users\satish.kumar\.m2\repository\org\glassfish\jaxb\jaxb-runtime\4.0.5\jaxb-runtime-4.0.5.jar;C:\Users\satish.kumar\.m2\repository\org\glassfish\jaxb\jaxb-core\4.0.5\jaxb-core-4.0.5.jar;C:\Users\satish.kumar\.m2\repository\org\eclipse\angus\angus-activation\2.0.2\angus-activation-2.0.2.jar;C:\Users\satish.kumar\.m2\repository\org\glassfish\jaxb\txw2\4.0.5\txw2-4.0.5.jar;C:\Users\satish.kumar\.m2\repository\com\sun\istack\istack-commons-runtime\4.1.2\istack-commons-runtime-4.1.2.jar;C:\Users\satish.kumar\.m2\repository\jakarta\inject\jakarta.inject-api\2.0.1\jakarta.inject-api-2.0.1.jar;C:\Users\satish.kumar\.m2\repository\org\antlr\antlr4-runtime\4.13.0\antlr4-runtime-4.13.0.jar;C:\Users\satish.kumar\.m2\repository\org\springframework\data\spring-data-jpa\3.3.3\spring-data-jpa-3.3.3.jar;C:\Users\satish.kumar\.m2\repository\org\springframework\data\spring-data-commons\3.3.3\spring-data-commons-3.3.3.jar;C:\Users\satish.kumar\.m2\repository\org\springframework\spring-orm\6.1.12\spring-orm-6.1.12.jar;C:\Users\satish.kumar\.m2\repository\org\springframework\spring-context\6.1.12\spring-context-6.1.12.jar;C:\Users\satish.kumar\.m2\repository\org\springframework\spring-tx\6.1.12\spring-tx-6.1.12.jar;C:\Users\satish.kumar\.m2\repository\org\springframework\spring-beans\6.1.12\spring-beans-6.1.12.jar;C:\Users\satish.kumar\.m2\repository\jakarta\annotation\jakarta.annotation-api\2.1.1\jakarta.annotation-api-2.1.1.jar;C:\Users\satish.kumar\.m2\repository\org\slf4j\slf4j-api\2.0.16\slf4j-api-2.0.16.jar;C:\Users\satish.kumar\.m2\repository\org\springframework\spring-aspects\6.1.12\spring-aspects-6.1.12.jar;C:\Users\satish.kumar\.m2\repository\org\springframework\boot\spring-boot-starter-web\3.3.3\spring-boot-starter-web-3.3.3.jar;C:\Users\satish.kumar\.m2\repository\org\springframework\boot\spring-boot-starter\3.3.3\spring-boot-starter-3.3.3.jar;C:\Users\satish.kumar\.m2\repository\org\springframework\boot\spring-boot-starter-logging\3.3.3\spring-boot-starter-logging-3.3.3.jar;C:\Users\satish.kumar\.m2\repository\ch\qos\logback\logback-classic\1.5.7\logback-classic-1.5.7.jar;C:\Users\satish.kumar\.m2\repository\ch\qos\logback\logback-core\1.5.7\logback-core-1.5.7.jar;C:\Users\satish.kumar\.m2\repository\org\apache\logging\log4j\log4j-to-slf4j\2.23.1\log4j-to-slf4j-2.23.1.jar;C:\Users\satish.kumar\.m2\repository\org\apache\logging\log4j\log4j-api\2.23.1\log4j-api-2.23.1.jar;C:\Users\satish.kumar\.m2\repository\org\slf4j\jul-to-slf4j\2.0.16\jul-to-slf4j-2.0.16.jar;C:\Users\satish.kumar\.m2\repository\org\yaml\snakeyaml\2.2\snakeyaml-2.2.jar;C:\Users\satish.kumar\.m2\repository\org\springframework\boot\spring-boot-starter-json\3.3.3\spring-boot-starter-json-3.3.3.jar;C:\Users\satish.kumar\.m2\repository\com\fasterxml\jackson\datatype\jackson-datatype-jdk8\2.17.2\jackson-datatype-jdk8-2.17.2.jar;C:\Users\satish.kumar\.m2\repository\com\fasterxml\jackson\datatype\jackson-datatype-jsr310\2.17.2\jackson-datatype-jsr310-2.17.2.jar;C:\Users\satish.kumar\.m2\repository\com\fasterxml\jackson\module\jackson-module-parameter-names\2.17.2\jackson-module-parameter-names-2.17.2.jar;C:\Users\satish.kumar\.m2\repository\org\springframework\boot\spring-boot-starter-tomcat\3.3.3\spring-boot-starter-tomcat-3.3.3.jar;C:\Users\satish.kumar\.m2\repository\org\apache\tomcat\embed\tomcat-embed-core\10.1.28\tomcat-embed-core-10.1.28.jar;C:\Users\satish.kumar\.m2\repository\org\apache\tomcat\embed\tomcat-embed-el\10.1.28\tomcat-embed-el-10.1.28.jar;C:\Users\satish.kumar\.m2\repository\org\apache\tomcat\embed\tomcat-embed-websocket\10.1.28\tomcat-embed-websocket-10.1.28.jar;C:\Users\satish.kumar\.m2\repository\org\springframework\spring-web\6.1.12\spring-web-6.1.12.jar;C:\Users\satish.kumar\.m2\repository\io\micrometer\micrometer-observation\1.13.3\micrometer-observation-1.13.3.jar;C:\Users\satish.kumar\.m2\repository\io\micrometer\micrometer-commons\1.13.3\micrometer-commons-1.13.3.jar;C:\Users\satish.kumar\.m2\repository\org\springframework\spring-webmvc\6.1.12\spring-webmvc-6.1.12.jar;C:\Users\satish.kumar\.m2\repository\org\springframework\spring-expression\6.1.12\spring-expression-6.1.12.jar;C:\Users\satish.kumar\.m2\repository\org\springframework\boot\spring-boot-devtools\3.3.3\spring-boot-devtools-3.3.3.jar;C:\Users\satish.kumar\.m2\repository\org\springframework\boot\spring-boot\3.3.3\spring-boot-3.3.3.jar;C:\Users\satish.kumar\.m2\repository\org\springframework\boot\spring-boot-autoconfigure\3.3.3\spring-boot-autoconfigure-3.3.3.jar;C:\Users\satish.kumar\.m2\repository\org\postgresql\postgresql\42.7.3\postgresql-42.7.3.jar;C:\Users\satish.kumar\.m2\repository\org\checkerframework\checker-qual\3.42.0\checker-qual-3.42.0.jar;C:\Users\satish.kumar\.m2\repository\org\projectlombok\lombok\1.18.34\lombok-1.18.34.jar;C:\Users\satish.kumar\.m2\repository\jakarta\xml\bind\jakarta.xml.bind-api\4.0.2\jakarta.xml.bind-api-4.0.2.jar;C:\Users\satish.kumar\.m2\repository\jakarta\activation\jakarta.activation-api\2.1.3\jakarta.activation-api-2.1.3.jar;C:\Users\satish.kumar\.m2\repository\org\springframework\spring-core\6.1.12\spring-core-6.1.12.jar;C:\Users\satish.kumar\.m2\repository\org\springframework\spring-jcl\6.1.12\spring-jcl-6.1.12.jar;C:\Users\satish.kumar\.m2\repository\com\opencsv\opencsv\5.9\opencsv-5.9.jar;C:\Users\satish.kumar\.m2\repository\org\apache\commons\commons-lang3\3.14.0\commons-lang3-3.14.0.jar;C:\Users\satish.kumar\.m2\repository\org\apache\commons\commons-text\1.11.0\commons-text-1.11.0.jar;C:\Users\satish.kumar\.m2\repository\commons-beanutils\commons-beanutils\1.9.4\commons-beanutils-1.9.4.jar;C:\Users\satish.kumar\.m2\repository\commons-logging\commons-logging\1.2\commons-logging-1.2.jar;C:\Users\satish.kumar\.m2\repository\commons-collections\commons-collections\3.2.2\commons-collections-3.2.2.jar;C:\Users\satish.kumar\.m2\repository\org\apache\commons\commons-collections4\4.4\commons-collections4-4.4.jar;C:\Users\satish.kumar\.m2\repository\com\fasterxml\jackson\dataformat\jackson-dataformat-csv\2.17.2\jackson-dataformat-csv-2.17.2.jar;C:\Users\satish.kumar\.m2\repository\com\fasterxml\jackson\core\jackson-databind\2.17.2\jackson-databind-2.17.2.jar;C:\Users\satish.kumar\.m2\repository\com\fasterxml\jackson\core\jackson-annotations\2.17.2\jackson-annotations-2.17.2.jar;C:\Users\satish.kumar\.m2\repository\com\fasterxml\jackson\core\jackson-core\2.17.2\jackson-core-2.17.2.jar
Launcher Type: SUN_STANDARD

[Global flags]
     intx CICompilerCount                          = 4                                         {product} {ergonomic}
     uint ConcGCThreads                            = 2                                         {product} {ergonomic}
     uint G1ConcRefinementThreads                  = 8                                         {product} {ergonomic}
   size_t G1HeapRegionSize                         = 1048576                                   {product} {ergonomic}
   size_t InitialHeapSize                          = 127926272                                 {product} {ergonomic}
     bool ManagementServer                         = true                                      {product} {command line}
   size_t MarkStackSize                            = 4194304                                   {product} {ergonomic}
   size_t MaxHeapSize                              = 2042626048                                {product} {ergonomic}
   size_t MaxNewSize                               = 1224736768                                {product} {ergonomic}
   size_t MinHeapDeltaBytes                        = 1048576                                   {product} {ergonomic}
   size_t MinHeapSize                              = 8388608                                   {product} {ergonomic}
    uintx NonNMethodCodeHeapSize                   = 4096                                   {pd product} {ergonomic}
    uintx NonProfiledCodeHeapSize                  = 0                                      {pd product} {ergonomic}
     bool ProfileInterpreter                       = false                                  {pd product} {command line}
    uintx ProfiledCodeHeapSize                     = 0                                      {pd product} {ergonomic}
     bool ShowCodeDetailsInExceptionMessages       = true                                   {manageable} {command line}
   size_t SoftMaxHeapSize                          = 2042626048                             {manageable} {ergonomic}
     intx TieredStopAtLevel                        = 1                                         {product} {command line}
     bool UseCompressedOops                        = true                           {product lp64_product} {ergonomic}
     bool UseG1GC                                  = true                                      {product} {ergonomic}
     bool UseLargePagesIndividualAllocation        = false                                  {pd product} {ergonomic}

Logging:
Log output configuration:
 #0: stdout all=warning uptime,level,tags foldmultilines=false
 #1: stderr all=off uptime,level,tags foldmultilines=false

Environment Variables:
PATH=C:\Users\satish.kumar\.p2\pool\plugins\org.eclipse.justj.openjdk.hotspot.jre.full.win32.x86_64_22.0.2.v20240802-1626\jre\bin;C:/Users/satish.kumar/.p2/pool/plugins/org.eclipse.justj.openjdk.hotspot.jre.full.win32.x86_64_22.0.2.v20240802-1626/jre/bin/server;C:/Users/satish.kumar/.p2/pool/plugins/org.eclipse.justj.openjdk.hotspot.jre.full.win32.x86_64_22.0.2.v20240802-1626/jre/bin;C:\Program Files\Common Files\Oracle\Java\javapath;C:\Windows\system32;C:\Windows;C:\Windows\System32\Wbem;C:\Windows\System32\WindowsPowerShell\v1.0\;C:\Windows\System32\OpenSSH\;%JDK%\bin;C:\Program Files\nodejs\;C:\xampp\php;C:\Users\satish.kumar\AppData\Local\Microsoft\WindowsApps;C:\Users\satish.kumar\AppData\Local\Programs\Git\cmd;C:\Users\satish.kumar\AppData\Roaming\npm;C:\Users\satish.kumar\AppData\Local\Programs\Microsoft VS Code\bin;C:\Windows\system32;
USERNAME=satish.kumar
OS=Windows_NT
PROCESSOR_IDENTIFIER=Intel64 Family 6 Model 142 Stepping 12, GenuineIntel
TMP=C:\Users\SATISH~1.KUM\AppData\Local\Temp
TEMP=C:\Users\SATISH~1.KUM\AppData\Local\Temp




Periodic native trim disabled

---------------  S Y S T E M  ---------------

OS:
 Windows 10 , 64 bit Build 19041 (10.0.19041.4842)
OS uptime: 0 days 7:24 hours

CPU: total 8 (initial active 8) (4 cores per cpu, 2 threads per core) family 6 model 142 stepping 12 microcode 0xec, cx8, cmov, fxsr, ht, mmx, 3dnowpref, sse, sse2, sse3, ssse3, sse4.1, sse4.2, popcnt, lzcnt, tsc, tscinvbit, avx, avx2, aes, erms, clmul, bmi1, bmi2, adx, fma, vzeroupper, clflush, clflushopt, rdtscp, f16c
Processor Information for processor 0
  Max Mhz: 2101, Current Mhz: 1500, Mhz Limit: 2101
Processor Information for processor 1
  Max Mhz: 2101, Current Mhz: 2100, Mhz Limit: 2101
Processor Information for processor 2
  Max Mhz: 2101, Current Mhz: 1500, Mhz Limit: 2101
Processor Information for processor 3
  Max Mhz: 2101, Current Mhz: 1500, Mhz Limit: 2101
Processor Information for processor 4
  Max Mhz: 2101, Current Mhz: 1500, Mhz Limit: 2101
Processor Information for processor 5
  Max Mhz: 2101, Current Mhz: 1500, Mhz Limit: 2101
Processor Information for processor 6
  Max Mhz: 2101, Current Mhz: 1500, Mhz Limit: 2101
Processor Information for processor 7
  Max Mhz: 2101, Current Mhz: 1500, Mhz Limit: 2101

Memory: 4k page, system-wide physical 7785M (277M free)
TotalPageFile size 17001M (AvailPageFile size 3666M)
current process WorkingSet (physical memory assigned to process): 279M, peak: 301M
current process commit charge ("private bytes"): 341M, peak: 421M

vm_info: OpenJDK 64-Bit Server VM (22.0.2+9) for windows-amd64 JRE (22.0.2+9), built on 2024-07-16T00:00:00Z by "admin" with MS VC++ 17.7 (VS2022)

END.
